\BOOKMARK [0][-]{chapter*.2}{\376\377\000L\000i\000c\000e\000n\000z\000a}{}% 1
\BOOKMARK [1][-]{section*.3}{\376\377\000D\000i\000r\000i\000t\000t\000i\000\040\000c\000o\000n\000c\000e\000s\000s\000i}{chapter*.2}% 2
\BOOKMARK [1][-]{section*.4}{\376\377\000C\000o\000n\000d\000i\000z\000i\000o\000n\000i}{chapter*.2}% 3
\BOOKMARK [1][-]{section*.5}{\376\377\000A\000s\000s\000e\000n\000z\000a\000\040\000d\000i\000\040\000g\000a\000r\000a\000n\000z\000i\000a}{chapter*.2}% 4
\BOOKMARK [1][-]{section*.6}{\376\377\000T\000e\000s\000t\000o\000\040\000c\000o\000m\000p\000l\000e\000t\000o\000\040\000d\000e\000l\000l\000a\000\040\000l\000i\000c\000e\000n\000z\000a}{chapter*.2}% 5
\BOOKMARK [0][-]{chapter.1}{\376\377\000I\000n\000t\000r\000o\000d\000u\000z\000i\000o\000n\000e\000\040\000a\000l\000\040\000D\000a\000t\000a\000\040\000M\000i\000n\000i\000n\000g}{}% 6
\BOOKMARK [1][-]{section.1.1}{\376\377\000D\000e\000f\000i\000n\000i\000z\000i\000o\000n\000e\000\040\000e\000\040\000f\000i\000n\000a\000l\000i\000t\000\340}{chapter.1}% 7
\BOOKMARK [1][-]{section.1.2}{\376\377\000C\000a\000r\000a\000t\000t\000e\000r\000i\000s\000t\000i\000c\000h\000e\000\040\000d\000e\000i\000\040\000p\000a\000t\000t\000e\000r\000n}{chapter.1}% 8
\BOOKMARK [1][-]{section.1.3}{\376\377\000M\000e\000t\000o\000d\000i\000\040\000d\000i\000\040\000d\000a\000t\000a\000\040\000m\000i\000n\000i\000n\000g}{chapter.1}% 9
\BOOKMARK [1][-]{section.1.4}{\376\377\000P\000e\000r\000c\000h\000\351\000\040\000f\000a\000r\000e\000\040\000d\000a\000t\000a\000\040\000m\000i\000n\000i\000n\000g}{chapter.1}% 10
\BOOKMARK [2][-]{subsection.1.4.1}{\376\377\000B\000i\000g\000\040\000D\000a\000t\000a}{section.1.4}% 11
\BOOKMARK [2][-]{subsection.1.4.2}{\376\377\000D\000a\000i\000\040\000d\000a\000t\000i\000\040\000a\000l\000l\000a\000\040\000c\000o\000n\000o\000s\000c\000e\000n\000z\000a\000\040\000e\000\040\000a\000l\000l\000e\000\040\000c\000o\000m\000u\000n\000i\000t\000\340\000\040\000c\000o\000i\000n\000v\000o\000l\000t\000e}{section.1.4}% 12
\BOOKMARK [1][-]{section.1.5}{\376\377\000L\000i\000m\000i\000t\000i\000\040\000e\000\040\000i\000n\000s\000i\000d\000i\000e\000\040\000d\000e\000l\000\040\000d\000a\000t\000a\000\040\000m\000i\000n\000i\000n\000g}{chapter.1}% 13
\BOOKMARK [2][-]{subsection.1.5.1}{\376\377\000C\000a\000s\000o\000\040\000d\000i\000\040\000s\000t\000u\000d\000i\000o\000:\000\040\000T\000o\000t\000a\000l\000\040\000I\000n\000f\000o\000r\000m\000a\000t\000i\000o\000n\000\040\000A\000w\000a\000r\000e\000n\000e\000s\000s\000\040\000\050\000T\000I\000A\000\051}{section.1.5}% 14
\BOOKMARK [2][-]{subsection.1.5.2}{\376\377\000E\000s\000e\000m\000p\000i\000o\000:\000\040\000c\000o\000-\000p\000r\000e\000s\000e\000n\000z\000a\000\040\000i\000n\000\040\000h\000o\000t\000e\000l\000\040\000c\000o\000m\000e\000\040\000c\000r\000i\000t\000e\000r\000i\000o\000\040\000d\000i\000\040\000s\000o\000s\000p\000e\000t\000t\000o}{section.1.5}% 15
\BOOKMARK [1][-]{section.1.6}{\376\377\000P\000r\000i\000n\000c\000i\000p\000i\000o\000\040\000d\000i\000\040\000B\000o\000n\000f\000e\000r\000r\000o\000n\000i\000\040\000e\000\040\000t\000e\000s\000t\000\040\000m\000u\000l\000t\000i\000p\000l\000i}{chapter.1}% 16
\BOOKMARK [0][-]{chapter.2}{\376\377\000P\000r\000e\000p\000r\000o\000c\000e\000s\000s\000i\000n\000g}{}% 17
\BOOKMARK [1][-]{section.2.1}{\376\377\000E\000s\000t\000r\000a\000z\000i\000o\000n\000e\000\040\000d\000i\000\040\000f\000e\000a\000t\000u\000r\000e}{chapter.2}% 18
\BOOKMARK [2][-]{subsection.2.1.1}{\376\377\000T\000e\000c\000n\000i\000c\000h\000e\000\040\000d\000i\000\040\000e\000s\000t\000r\000a\000z\000i\000o\000n\000e\000\040\000d\000i\000\040\000f\000e\000a\000t\000u\000r\000e}{section.2.1}% 19
\BOOKMARK [1][-]{section.2.2}{\376\377\000P\000o\000r\000t\000a\000b\000i\000l\000i\000t\000\340\000\040\000d\000e\000i\000\040\000d\000a\000t\000i}{chapter.2}% 20
\BOOKMARK [2][-]{subsection.2.2.1}{\376\377\000D\000a\000\040\000d\000a\000t\000i\000\040\000n\000u\000m\000e\000r\000i\000c\000i\000\040\000a\000\040\000c\000a\000t\000e\000g\000o\000r\000i\000c\000i}{section.2.2}% 21
\BOOKMARK [2][-]{subsection.2.2.2}{\376\377\000D\000a\000\040\000d\000a\000t\000i\000\040\000c\000a\000t\000e\000g\000o\000r\000i\000c\000i\000\040\000a\000\040\000n\000u\000m\000e\000r\000i\000c\000i}{section.2.2}% 22
\BOOKMARK [2][-]{subsection.2.2.3}{\376\377\000D\000a\000\040\000t\000e\000s\000t\000o\000\040\000a\000\040\000d\000a\000t\000i\000\040\000n\000u\000m\000e\000r\000i\000c\000i}{section.2.2}% 23
\BOOKMARK [1][-]{section.2.3}{\376\377\000C\000l\000e\000a\000n\000i\000n\000g\000\040\000d\000e\000i\000\040\000d\000a\000t\000i}{chapter.2}% 24
\BOOKMARK [2][-]{subsection.2.3.1}{\376\377\000G\000e\000s\000t\000i\000o\000n\000e\000\040\000d\000e\000i\000\040\000v\000a\000l\000o\000r\000i\000\040\000m\000a\000n\000c\000a\000n\000t\000i}{section.2.3}% 25
\BOOKMARK [2][-]{subsection.2.3.2}{\376\377\000G\000e\000s\000t\000i\000o\000n\000e\000\040\000d\000e\000i\000\040\000v\000a\000l\000o\000r\000i\000\040\000e\000r\000r\000a\000t\000i}{section.2.3}% 26
\BOOKMARK [2][-]{subsection.2.3.3}{\376\377\000S\000c\000a\000l\000a\000\040\000d\000e\000i\000\040\000d\000a\000t\000i}{section.2.3}% 27
\BOOKMARK [1][-]{section.2.4}{\376\377\000R\000i\000d\000u\000z\000i\000o\000n\000e\000\040\000d\000e\000i\000\040\000d\000a\000t\000i}{chapter.2}% 28
\BOOKMARK [2][-]{subsection.2.4.1}{\376\377\000S\000a\000m\000p\000l\000i\000n\000g\000\040\000d\000e\000i\000\040\000d\000a\000t\000i}{section.2.4}% 29
\BOOKMARK [2][-]{subsection.2.4.2}{\376\377\000S\000e\000l\000e\000z\000i\000o\000n\000e\000\040\000d\000i\000\040\000f\000e\000a\000t\000u\000r\000e}{section.2.4}% 30
\BOOKMARK [2][-]{subsection.2.4.3}{\376\377\000R\000i\000d\000u\000z\000i\000o\000n\000e\000\040\000d\000e\000l\000l\000a\000\040\000d\000i\000m\000e\000n\000s\000i\000o\000n\000a\000l\000i\000t\000\340}{section.2.4}% 31
\BOOKMARK [2][-]{subsection.2.4.4}{\376\377\000P\000C\000A\000:\000\040\000P\000r\000i\000n\000c\000i\000p\000a\000l\000\040\000C\000o\000m\000p\000o\000n\000e\000n\000t\000\040\000A\000n\000a\000l\000y\000s\000i\000s}{section.2.4}% 32
\BOOKMARK [2][-]{subsection.2.4.5}{\376\377\000S\000V\000D\000:\000\040\000S\000i\000n\000g\000u\000l\000a\000r\000\040\000V\000a\000l\000u\000e\000\040\000D\000e\000c\000o\000m\000p\000o\000s\000i\000t\000i\000o\000n}{section.2.4}% 33
\BOOKMARK [2][-]{subsection.2.4.6}{\376\377\000L\000S\000A\000:\000\040\000L\000a\000t\000e\000n\000t\000\040\000S\000e\000m\000a\000n\000t\000i\000c\000\040\000A\000n\000a\000l\000y\000s\000i\000s}{section.2.4}% 34
\BOOKMARK [2][-]{subsection.2.4.7}{\376\377\000R\000i\000d\000u\000z\000i\000o\000n\000e\000\040\000d\000i\000\040\000d\000i\000m\000e\000n\000s\000i\000o\000n\000a\000l\000i\000t\000\340\000\040\000c\000o\000n\000\040\000t\000r\000a\000s\000f\000o\000r\000m\000a\000z\000i\000o\000n\000e\000\040\000d\000e\000i\000\040\000d\000a\000t\000i}{section.2.4}% 35
\BOOKMARK [0][-]{chapter.3}{\376\377\000I\000n\000s\000i\000e\000m\000i\000\040\000F\000r\000e\000q\000u\000e\000n\000t\000i\000\040\000e\000\040\000R\000e\000g\000o\000l\000e\000\040\000d\000'\000A\000s\000s\000o\000c\000i\000a\000z\000i\000o\000n\000e}{}% 36
\BOOKMARK [1][-]{section.3.1}{\376\377\000M\000a\000r\000k\000e\000t\000-\000b\000a\000s\000k\000e\000t\000\040\000m\000o\000d\000e\000l\000\040\000e\000\040\000d\000e\000f\000i\000n\000i\000z\000i\000o\000n\000i}{chapter.3}% 37
\BOOKMARK [2][-]{subsection.3.1.1}{\376\377\000S\000u\000p\000p\000o\000r\000t\000o}{section.3.1}% 38
\BOOKMARK [1][-]{section.3.2}{\376\377\000R\000e\000g\000o\000l\000e\000\040\000d\000'\000a\000s\000s\000o\000c\000i\000a\000z\000i\000o\000n\000e}{chapter.3}% 39
\BOOKMARK [2][-]{subsection.3.2.1}{\376\377\000Q\000u\000a\000l\000i\000t\000\340\000\040\000d\000i\000\040\000u\000n\000a\000\040\000r\000e\000g\000o\000l\000a}{section.3.2}% 40
\BOOKMARK [1][-]{section.3.3}{\376\377\000I\000n\000s\000i\000e\000m\000i\000\040\000f\000r\000e\000q\000u\000e\000n\000t\000i\000\040\000c\000h\000i\000u\000s\000i\000\040\000e\000\040\000m\000a\000s\000s\000i\000m\000a\000l\000i}{chapter.3}% 41
\BOOKMARK [1][-]{section.3.4}{\376\377\000A\000n\000t\000i\000-\000m\000o\000n\000o\000t\000o\000n\000i\000a\000\040\000e\000\040\000P\000r\000i\000n\000c\000i\000p\000i\000o\000\040\000d\000i\000\040\000A\000p\000r\000i\000o\000r\000i}{chapter.3}% 42
\BOOKMARK [2][-]{subsection.3.4.1}{\376\377\000P\000r\000i\000n\000c\000i\000p\000i\000o\000\040\000d\000i\000\040\000A\000p\000r\000i\000o\000r\000i}{section.3.4}% 43
\BOOKMARK [1][-]{section.3.5}{\376\377\000A\000l\000g\000o\000r\000i\000t\000m\000o\000\040\000A\000p\000r\000i\000o\000r\000i}{chapter.3}% 44
\BOOKMARK [2][-]{subsection.3.5.1}{\376\377\000E\000s\000e\000m\000p\000i\000o\000\040\000A\000p\000r\000i\000o\000r\000i\000\040\000\050\000m\000i\000n\000s\000u\000p\000\040\000=\000\040\0002\000\051}{section.3.5}% 45
\BOOKMARK [2][-]{subsection.3.5.2}{\376\377\000G\000e\000n\000e\000r\000a\000z\000i\000o\000n\000e\000\040\000d\000e\000i\000\040\000c\000a\000n\000d\000i\000d\000a\000t\000i}{section.3.5}% 46
\BOOKMARK [1][-]{section.3.6}{\376\377\000O\000t\000t\000i\000m\000i\000z\000z\000a\000z\000i\000o\000n\000i\000\040\000d\000i\000\040\000A\000p\000r\000i\000o\000r\000i}{chapter.3}% 47
\BOOKMARK [2][-]{subsection.3.6.1}{\376\377\000H\000a\000s\000h\000i\000n\000g\000\040\000i\000n\000\040\000b\000u\000c\000k\000e\000t\000:\000\040\000P\000C\000Y}{section.3.6}% 48
\BOOKMARK [2][-]{subsection.3.6.2}{\376\377\000P\000a\000r\000t\000i\000z\000i\000o\000n\000a\000m\000e\000n\000t\000o\000\040\000d\000e\000l\000\040\000D\000B\000:\000\040\000S\000O\000N}{section.3.6}% 49
\BOOKMARK [2][-]{subsection.3.6.3}{\376\377\000C\000a\000m\000p\000i\000o\000n\000a\000m\000e\000n\000t\000o\000\040\000e\000\040\000f\000r\000o\000n\000t\000i\000e\000r\000a\000\040\000n\000e\000g\000a\000t\000i\000v\000a\000:\000\040\000T\000o\000i\000v\000o\000n\000e\000n}{section.3.6}% 50
\BOOKMARK [1][-]{section.3.7}{\376\377\000P\000e\000r\000c\000h\000\351\000\040\000a\000n\000d\000a\000r\000e\000\040\000o\000l\000t\000r\000e\000\040\000A\000p\000r\000i\000o\000r\000i}{chapter.3}% 51
\BOOKMARK [1][-]{section.3.8}{\376\377\000F\000P\000-\000G\000r\000o\000w\000t\000h\000:\000\040\000i\000d\000e\000a\000\040\000d\000i\000\040\000b\000a\000s\000e}{chapter.3}% 52
\BOOKMARK [2][-]{subsection.3.8.1}{\376\377\000C\000o\000s\000t\000r\000u\000z\000i\000o\000n\000e\000\040\000d\000e\000l\000l\000'\000F\000P\000-\000t\000r\000e\000e}{section.3.8}% 53
\BOOKMARK [2][-]{subsection.3.8.2}{\376\377\000E\000s\000e\000m\000p\000i\000o\000\040\000d\000i\000\040\000F\000P\000-\000G\000r\000o\000w\000t\000h}{section.3.8}% 54
\BOOKMARK [1][-]{section.3.9}{\376\377\000C\000o\000n\000f\000r\000o\000n\000t\000o\000:\000\040\000F\000P\000-\000G\000r\000o\000w\000t\000h\000\040\000v\000s\000\040\000A\000p\000r\000i\000o\000r\000i}{chapter.3}% 55
\BOOKMARK [0][-]{chapter.4}{\376\377\000C\000l\000u\000s\000t\000e\000r\000i\000n\000g}{}% 56
\BOOKMARK [1][-]{section.4.1}{\376\377\000S\000p\000a\000z\000i\000\040\000m\000e\000t\000r\000i\000c\000i\000\040\000e\000\040\000d\000i\000s\000t\000a\000n\000z\000e}{chapter.4}% 57
\BOOKMARK [2][-]{subsection.4.1.1}{\376\377\000S\000p\000a\000z\000i\000o\000\040\000e\000u\000c\000l\000i\000d\000e\000o}{section.4.1}% 58
\BOOKMARK [2][-]{subsection.4.1.2}{\376\377\000S\000p\000a\000z\000i\000\040\000n\000o\000n\000\040\000e\000u\000c\000l\000i\000d\000e\000i}{section.4.1}% 59
\BOOKMARK [1][-]{section.4.2}{\376\377\000A\000l\000g\000o\000r\000i\000t\000m\000i\000\040\000d\000i\000\040\000c\000l\000u\000s\000t\000e\000r\000i\000n\000g}{chapter.4}% 60
\BOOKMARK [2][-]{subsection.4.2.1}{\376\377\000T\000i\000p\000i\000\040\000d\000i\000\040\000c\000l\000u\000s\000t\000e\000r\000i\000n\000g}{section.4.2}% 61
\BOOKMARK [2][-]{subsection.4.2.2}{\376\377\000B\000o\000n\000t\000\340\000\040\000d\000i\000\040\000u\000n\000\040\000a\000l\000g\000o\000r\000i\000t\000m\000o}{section.4.2}% 62
\BOOKMARK [2][-]{subsection.4.2.3}{\376\377\000C\000u\000r\000s\000e\000\040\000o\000f\000\040\000d\000i\000m\000e\000n\000s\000i\000o\000n\000a\000l\000i\000t\000y}{section.4.2}% 63
\BOOKMARK [2][-]{subsection.4.2.4}{\376\377\000O\000r\000t\000o\000g\000o\000n\000a\000l\000i\000t\000\340\000\040\000d\000e\000i\000\040\000v\000e\000t\000t\000o\000r\000i}{section.4.2}% 64
\BOOKMARK [1][-]{section.4.3}{\376\377\000C\000l\000u\000s\000t\000e\000r\000i\000n\000g\000\040\000G\000e\000r\000a\000r\000c\000h\000i\000c\000o}{chapter.4}% 65
\BOOKMARK [2][-]{subsection.4.3.1}{\376\377\000D\000i\000s\000t\000a\000n\000z\000e\000\040\000t\000r\000a\000\040\000c\000l\000u\000s\000t\000e\000r}{section.4.3}% 66
\BOOKMARK [2][-]{subsection.4.3.2}{\376\377\000D\000e\000n\000d\000r\000o\000g\000r\000a\000m\000m\000a}{section.4.3}% 67
\BOOKMARK [2][-]{subsection.4.3.3}{\376\377\000C\000l\000u\000s\000t\000e\000r\000i\000n\000g\000\040\000d\000i\000v\000i\000s\000i\000v\000o}{section.4.3}% 68
\BOOKMARK [2][-]{subsection.4.3.4}{\376\377\000C\000o\000m\000p\000l\000e\000s\000s\000i\000t\000\340\000\040\000c\000o\000m\000p\000u\000t\000a\000z\000i\000o\000n\000a\000l\000e}{section.4.3}% 69
\BOOKMARK [1][-]{section.4.4}{\376\377\000C\000l\000u\000s\000t\000e\000r\000i\000n\000g\000\040\000p\000a\000r\000t\000i\000z\000i\000o\000n\000a\000l\000e\000:\000\040\000K\000-\000m\000e\000a\000n\000s}{chapter.4}% 70
\BOOKMARK [2][-]{subsection.4.4.1}{\376\377\000S\000c\000e\000l\000t\000a\000\040\000g\000r\000e\000e\000d\000y\000\040\000d\000e\000i\000\040\000c\000e\000n\000t\000r\000o\000i\000d\000i\000\040\000i\000n\000i\000z\000i\000a\000l\000i}{section.4.4}% 71
\BOOKMARK [2][-]{subsection.4.4.2}{\376\377\000F\000u\000n\000z\000i\000o\000n\000e\000\040\000o\000b\000i\000e\000t\000t\000i\000v\000o}{section.4.4}% 72
\BOOKMARK [2][-]{subsection.4.4.3}{\376\377\000S\000c\000e\000l\000t\000a\000\040\000d\000e\000l\000\040\000n\000u\000m\000e\000r\000o\000\040\000d\000i\000\040\000c\000l\000u\000s\000t\000e\000r}{section.4.4}% 73
\BOOKMARK [2][-]{subsection.4.4.4}{\376\377\000C\000o\000m\000p\000l\000e\000s\000s\000i\000t\000\340\000\040\000c\000o\000m\000p\000u\000t\000a\000z\000i\000o\000n\000a\000l\000e}{section.4.4}% 74
\BOOKMARK [2][-]{subsection.4.4.5}{\376\377\000K\000-\000m\000e\000a\000n\000s\000\040\000s\000u\000\040\000B\000i\000g\000\040\000d\000a\000t\000a}{section.4.4}% 75
\BOOKMARK [1][-]{section.4.5}{\376\377\000C\000l\000u\000s\000t\000e\000r\000i\000n\000g\000\040\000p\000e\000r\000\040\000d\000e\000n\000s\000i\000t\000\340\000:\000\040\000D\000B\000S\000C\000A\000N}{chapter.4}% 76
\BOOKMARK [2][-]{subsection.4.5.1}{\376\377\000D\000B\000S\000C\000A\000N}{section.4.5}% 77
\BOOKMARK [2][-]{subsection.4.5.2}{\376\377\000O\000P\000T\000I\000C\000S}{section.4.5}% 78
\BOOKMARK [2][-]{subsection.4.5.3}{\376\377\000H\000D\000B\000S\000C\000A\000N}{section.4.5}% 79
\BOOKMARK [0][-]{chapter.5}{\376\377\000C\000l\000a\000s\000s\000i\000f\000i\000c\000a\000z\000i\000o\000n\000e}{}% 80
\BOOKMARK [1][-]{section.5.1}{\376\377\000I\000n\000t\000r\000o\000d\000u\000z\000i\000o\000n\000e}{chapter.5}% 81
\BOOKMARK [2][-]{subsection.5.1.1}{\376\377\000S\000c\000h\000e\000m\000a\000\040\000g\000e\000n\000e\000r\000a\000l\000e\000\040\000d\000i\000\040\000u\000n\000\040\000c\000l\000a\000s\000s\000i\000f\000i\000c\000a\000t\000o\000r\000e}{section.5.1}% 82
\BOOKMARK [2][-]{subsection.5.1.2}{\376\377\000R\000e\000q\000u\000i\000s\000i\000t\000i\000\040\000d\000e\000s\000i\000d\000e\000r\000a\000b\000i\000l\000i}{section.5.1}% 83
\BOOKMARK [1][-]{section.5.2}{\376\377\000A\000l\000b\000e\000r\000i\000\040\000d\000e\000c\000i\000s\000i\000o\000n\000a\000l\000i}{chapter.5}% 84
\BOOKMARK [2][-]{subsection.5.2.1}{\376\377\000C\000l\000a\000s\000s\000i\000f\000i\000c\000a\000z\000i\000o\000n\000e\000\040\000t\000r\000a\000m\000i\000t\000e\000\040\000a\000l\000b\000e\000r\000o}{section.5.2}% 85
\BOOKMARK [2][-]{subsection.5.2.2}{\376\377\000C\000o\000s\000t\000r\000u\000z\000i\000o\000n\000e\000\040\000t\000o\000p\040\023\000d\000o\000w\000n}{section.5.2}% 86
\BOOKMARK [2][-]{subsection.5.2.3}{\376\377\000S\000p\000l\000i\000t\000t\000i\000n\000g\000\040\000d\000e\000g\000l\000i\000\040\000a\000t\000t\000r\000i\000b\000u\000t\000i}{section.5.2}% 87
\BOOKMARK [2][-]{subsection.5.2.4}{\376\377\000S\000c\000e\000l\000t\000a\000\040\000d\000e\000l\000l\040\031\000a\000t\000t\000r\000i\000b\000u\000t\000o\000\040\000e\000\040\000s\000t\000r\000a\000t\000e\000g\000i\000a\000\040\000g\000r\000e\000e\000d\000y}{section.5.2}% 88
\BOOKMARK [1][-]{section.5.3}{\376\377\000M\000i\000s\000u\000r\000e\000\040\000d\000i\000\040\000g\000o\000o\000d\000n\000e\000s\000s}{chapter.5}% 89
\BOOKMARK [2][-]{subsection.5.3.1}{\376\377\000I\000n\000f\000o\000r\000m\000a\000t\000i\000o\000n\000\040\000G\000a\000i\000n\000\040\000\050\000I\000D\0003\000\051}{section.5.3}% 90
\BOOKMARK [2][-]{subsection.5.3.2}{\376\377\000G\000a\000i\000n\000\040\000R\000a\000t\000i\000o\000\040\000\050\000C\0004\000.\0005\000\051}{section.5.3}% 91
\BOOKMARK [2][-]{subsection.5.3.3}{\376\377\000G\000i\000n\000i\000\040\000I\000n\000d\000e\000x\000\040\000\050\000C\000A\000R\000T\000\051}{section.5.3}% 92
\BOOKMARK [2][-]{subsection.5.3.4}{\376\377\000P\000r\000u\000n\000i\000n\000g\000\040\000d\000e\000g\000l\000i\000\040\000a\000l\000b\000e\000r\000i}{section.5.3}% 93
\BOOKMARK [1][-]{section.5.4}{\376\377\000C\000l\000a\000s\000s\000i\000f\000i\000c\000a\000t\000o\000r\000i\000\040\000g\000e\000n\000e\000r\000a\000t\000i\000v\000i}{chapter.5}% 94
\BOOKMARK [2][-]{subsection.5.4.1}{\376\377\000T\000e\000o\000r\000e\000m\000a\000\040\000d\000i\000\040\000B\000a\000y\000e\000s\000\040\000e\000\040\000r\000e\000g\000o\000l\000a\000\040\000d\000i\000\040\000d\000e\000c\000i\000s\000i\000o\000n\000e}{section.5.4}% 95
\BOOKMARK [2][-]{subsection.5.4.2}{\376\377\000N\000a\000i\000v\000e\000\040\000B\000a\000y\000e\000s}{section.5.4}% 96
\BOOKMARK [2][-]{subsection.5.4.3}{\376\377\000R\000e\000t\000i\000\040\000B\000a\000y\000e\000s\000i\000a\000n\000e}{section.5.4}% 97
\BOOKMARK [1][-]{section.5.5}{\376\377\000C\000l\000a\000s\000s\000i\000f\000i\000c\000a\000t\000o\000r\000i\000\040\000d\000i\000s\000c\000r\000i\000m\000i\000n\000a\000t\000i\000v\000i}{chapter.5}% 98
\BOOKMARK [2][-]{subsection.5.5.1}{\376\377\000C\000l\000a\000s\000s\000i\000f\000i\000c\000a\000z\000i\000o\000n\000e\000\040\000l\000i\000n\000e\000a\000r\000e\000\040\000e\000\040\000n\000o\000n\000\040\000l\000i\000n\000e\000a\000r\000e}{section.5.5}% 99
\BOOKMARK [2][-]{subsection.5.5.2}{\376\377\000P\000e\000r\000c\000e\000p\000t\000r\000o\000n}{section.5.5}% 100
\BOOKMARK [2][-]{subsection.5.5.3}{\376\377\000S\000u\000p\000p\000o\000r\000t\000\040\000V\000e\000c\000t\000o\000r\000\040\000M\000a\000c\000h\000i\000n\000e\000s\000\040\000\050\000S\000V\000M\000\051}{section.5.5}% 101
\BOOKMARK [1][-]{section.5.6}{\376\377\000A\000p\000p\000r\000e\000n\000d\000i\000m\000e\000n\000t\000o\000\040\000L\000a\000z\000y}{chapter.5}% 102
\BOOKMARK [2][-]{subsection.5.6.1}{\376\377\000K\000-\000N\000e\000a\000r\000e\000s\000t\000\040\000N\000e\000i\000g\000h\000b\000o\000r}{section.5.6}% 103
\BOOKMARK [1][-]{section.5.7}{\376\377\000E\000n\000s\000e\000m\000b\000l\000e\000\040\000L\000e\000a\000r\000n\000i\000n\000g}{chapter.5}% 104
\BOOKMARK [2][-]{subsection.5.7.1}{\376\377\000B\000a\000g\000g\000i\000n\000g}{section.5.7}% 105
\BOOKMARK [2][-]{subsection.5.7.2}{\376\377\000B\000o\000o\000s\000t\000i\000n\000g}{section.5.7}% 106
\BOOKMARK [2][-]{subsection.5.7.3}{\376\377\000A\000d\000a\000b\000o\000o\000s\000t}{section.5.7}% 107
\BOOKMARK [1][-]{section.5.8}{\376\377\000V\000a\000l\000i\000d\000a\000z\000i\000o\000n\000e\000\040\000d\000i\000\040\000u\000n\000\040\000c\000l\000a\000s\000s\000i\000f\000i\000c\000a\000t\000o\000r\000e}{chapter.5}% 108
\BOOKMARK [2][-]{subsection.5.8.1}{\376\377\000M\000a\000t\000r\000i\000c\000e\000\040\000d\000i\000\040\000c\000o\000n\000f\000u\000s\000i\000o\000n\000e}{section.5.8}% 109
\BOOKMARK [2][-]{subsection.5.8.2}{\376\377\000S\000o\000g\000l\000i\000a\000\040\000d\000i\000s\000c\000r\000i\000m\000i\000n\000a\000t\000i\000v\000a\000\040\000i\000n\000\040\000u\000n\000\040\000c\000l\000a\000s\000s\000i\000f\000i\000c\000a\000t\000o\000r\000e\000\040\000b\000i\000n\000a\000r\000i\000o}{section.5.8}% 110
\BOOKMARK [2][-]{subsection.5.8.3}{\376\377\000C\000u\000r\000v\000a\000\040\000R\000O\000C}{section.5.8}% 111
\BOOKMARK [2][-]{subsection.5.8.4}{\376\377\000C\000u\000r\000v\000a\000\040\000d\000i\000\040\000P\000r\000e\000c\000i\000s\000i\000o\000n\000-\000R\000e\000c\000a\000l\000l}{section.5.8}% 112
\BOOKMARK [2][-]{subsection.5.8.5}{\376\377\000V\000a\000l\000i\000d\000a\000z\000i\000o\000n\000e\000\040\000d\000i\000\040\000u\000n\000\040\000c\000l\000a\000s\000s\000i\000f\000i\000c\000a\000t\000o\000r\000e}{section.5.8}% 113
\BOOKMARK [0][-]{chapter.6}{\376\377\000C\000e\000n\000n\000i\000\040\000d\000i\000\040\000R\000e\000g\000r\000e\000s\000s\000i\000o\000n\000e}{}% 114
\BOOKMARK [1][-]{section.6.1}{\376\377\000R\000e\000g\000r\000e\000s\000s\000i\000o\000n\000e\000\040\000l\000i\000n\000e\000a\000r\000e\000\040\000s\000e\000m\000p\000l\000i\000c\000e}{chapter.6}% 115
\BOOKMARK [2][-]{subsection.6.1.1}{\376\377\000F\000o\000r\000m\000u\000l\000a\000z\000i\000o\000n\000e\000\040\000d\000e\000l\000\040\000m\000o\000d\000e\000l\000l\000o}{section.6.1}% 116
\BOOKMARK [2][-]{subsection.6.1.2}{\376\377\000S\000t\000i\000m\000a\000\040\000d\000e\000i\000\040\000p\000a\000r\000a\000m\000e\000t\000r\000i}{section.6.1}% 117
\BOOKMARK [2][-]{subsection.6.1.3}{\376\377\000I\000n\000t\000e\000r\000p\000r\000e\000t\000a\000z\000i\000o\000n\000e\000\040\000g\000e\000o\000e\000m\000e\000t\000r\000i\000c\000a}{section.6.1}% 118
\BOOKMARK [1][-]{section.6.2}{\376\377\000R\000e\000g\000r\000e\000s\000s\000i\000o\000n\000e\000\040\000l\000i\000n\000e\000a\000r\000e\000\040\000m\000u\000l\000t\000i\000p\000l\000a}{chapter.6}% 119
\BOOKMARK [2][-]{subsection.6.2.1}{\376\377\000F\000o\000r\000m\000u\000l\000a\000z\000i\000o\000n\000e\000\040\000d\000e\000l\000\040\000m\000o\000d\000e\000l\000l\000o}{section.6.2}% 120
\BOOKMARK [2][-]{subsection.6.2.2}{\376\377\000S\000t\000i\000m\000a\000\040\000d\000e\000i\000\040\000p\000a\000r\000a\000m\000e\000t\000r\000i}{section.6.2}% 121
\BOOKMARK [2][-]{subsection.6.2.3}{\376\377\000I\000n\000t\000e\000r\000p\000r\000e\000t\000a\000z\000i\000o\000n\000e\000\040\000g\000e\000o\000m\000e\000t\000r\000i\000c\000a}{section.6.2}% 122
\BOOKMARK [1][-]{section.6.3}{\376\377\000R\000e\000g\000r\000e\000s\000s\000i\000o\000n\000e\000\040\000n\000o\000n\000\040\000l\000i\000n\000e\000a\000r\000e}{chapter.6}% 123
\BOOKMARK [1][-]{section.6.4}{\376\377\000R\000e\000g\000r\000e\000s\000s\000i\000o\000n\000e\000\040\000l\000o\000g\000i\000s\000t\000i\000c\000a}{chapter.6}% 124
\BOOKMARK [2][-]{subsection.6.4.1}{\376\377\000R\000e\000g\000r\000e\000s\000s\000i\000o\000n\000e\000\040\000l\000o\000g\000i\000s\000t\000i\000c\000a\000\040\000b\000i\000n\000a\000r\000i\000a\000\040\000s\000e\000m\000p\000l\000i\000c\000e}{section.6.4}% 125
\BOOKMARK [0][-]{chapter.7}{\376\377\000G\000r\000a\000f\000i}{}% 126
\BOOKMARK [1][-]{section.7.1}{\376\377\000D\000e\000f\000i\000n\000i\000z\000i\000o\000n\000e\000\040\000f\000o\000r\000m\000a\000l\000e}{chapter.7}% 127
\BOOKMARK [2][-]{subsection.7.1.1}{\376\377\000N\000e\000t\000w\000o\000r\000k\000\040\000s\000c\000i\000e\000n\000c\000e}{section.7.1}% 128
\BOOKMARK [1][-]{section.7.2}{\376\377\000G\000r\000a\000f\000i\000\040\000d\000i\000r\000e\000t\000t\000i\000\040\000e\000\040\000i\000n\000d\000i\000r\000e\000t\000t\000i}{chapter.7}% 129
\BOOKMARK [1][-]{section.7.3}{\376\377\000G\000r\000a\000f\000i\000\040\000p\000e\000s\000a\000t\000i\000\040\000e\000\040\000g\000r\000a\000f\000i\000\040\000e\000t\000i\000c\000h\000e\000t\000t\000a\000t\000i}{chapter.7}% 130
\BOOKMARK [1][-]{section.7.4}{\376\377\000G\000r\000a\000d\000i\000\040\000d\000e\000i\000\040\000v\000e\000r\000t\000i\000c\000i}{chapter.7}% 131
\BOOKMARK [2][-]{subsection.7.4.1}{\376\377\000D\000i\000s\000t\000r\000i\000b\000u\000z\000i\000o\000n\000e\000\040\000d\000e\000i\000\040\000g\000r\000a\000d\000i}{section.7.4}% 132
\BOOKMARK [1][-]{section.7.5}{\376\377\000G\000r\000a\000f\000i\000\040\000b\000i\000p\000a\000r\000t\000i\000t\000i}{chapter.7}% 133
\BOOKMARK [1][-]{section.7.6}{\376\377\000G\000r\000a\000f\000o\000\040\000c\000o\000m\000p\000l\000e\000t\000o\000\040\000v\000s\000\040\000G\000r\000a\000f\000o\000\040\000r\000e\000g\000o\000l\000a\000r\000e}{chapter.7}% 134
\BOOKMARK [1][-]{section.7.7}{\376\377\000C\000a\000m\000m\000i\000n\000i\000\040\000t\000r\000a\000\040\000d\000u\000e\000\040\000n\000o\000d\000i}{chapter.7}% 135
\BOOKMARK [2][-]{subsection.7.7.1}{\376\377\000C\000a\000m\000m\000i\000n\000o\000\040\000m\000i\000n\000i\000m\000o}{section.7.7}% 136
\BOOKMARK [2][-]{subsection.7.7.2}{\376\377\000D\000i\000a\000m\000e\000t\000r\000o}{section.7.7}% 137
\BOOKMARK [2][-]{subsection.7.7.3}{\376\377\000C\000i\000c\000l\000o}{section.7.7}% 138
\BOOKMARK [1][-]{section.7.8}{\376\377\000C\000o\000n\000n\000e\000t\000t\000i\000v\000i\000t\000\340}{chapter.7}% 139
\BOOKMARK [2][-]{subsection.7.8.1}{\376\377\000C\000o\000n\000n\000e\000t\000t\000i\000v\000i\000t\000\340\000\040\000f\000o\000r\000t\000e\000\040\000e\000\040\000d\000e\000b\000o\000l\000e}{section.7.8}% 140
\BOOKMARK [1][-]{section.7.9}{\376\377\000C\000o\000e\000f\000f\000i\000c\000i\000e\000n\000t\000e\000\040\000d\000i\000\040\000C\000l\000u\000s\000t\000e\000r\000i\000n\000g}{chapter.7}% 141
\BOOKMARK [1][-]{section.7.10}{\376\377\000M\000i\000s\000u\000r\000e\000\040\000d\000i\000\040\000c\000e\000n\000t\000r\000a\000l\000i\000t\000\340}{chapter.7}% 142
\BOOKMARK [2][-]{subsection.7.10.1}{\376\377\000C\000e\000n\000t\000r\000a\000l\000i\000t\000\340\000\040\000d\000i\000\040\000g\000r\000a\000d\000o}{section.7.10}% 143
\BOOKMARK [2][-]{subsection.7.10.2}{\376\377\000C\000e\000n\000t\000r\000a\000l\000i\000t\000\340\000\040\000d\000i\000\040\000v\000i\000c\000i\000n\000a\000n\000z\000a}{section.7.10}% 144
\BOOKMARK [2][-]{subsection.7.10.3}{\376\377\000C\000e\000n\000t\000r\000a\000l\000i\000t\000\340\000\040\000d\000i\000\040\000p\000r\000o\000s\000s\000i\000m\000i\000t\000\340}{section.7.10}% 145
\BOOKMARK [2][-]{subsection.7.10.4}{\376\377\000C\000e\000n\000t\000r\000a\000l\000i\000t\000\340\000\040\000d\000i\000\040\000P\000a\000g\000e\000R\000a\000n\000k}{section.7.10}% 146
\BOOKMARK [0][-]{chapter.8}{\376\377\000S\000u\000b\000g\000r\000a\000p\000h\000\040\000M\000a\000t\000c\000h\000i\000n\000g}{}% 147
\BOOKMARK [1][-]{section.8.1}{\376\377\000I\000s\000o\000m\000o\000r\000f\000i\000s\000m\000o\000\040\000d\000i\000\040\000G\000r\000a\000f\000i}{chapter.8}% 148
\BOOKMARK [2][-]{subsection.8.1.1}{\376\377\000A\000u\000t\000o\000m\000o\000r\000f\000i\000s\000m\000o}{section.8.1}% 149
\BOOKMARK [1][-]{section.8.2}{\376\377\000O\000p\000e\000r\000a\000z\000i\000o\000n\000e\000\040\000d\000i\000\040\000s\000u\000b\000g\000r\000a\000p\000h\000\040\000m\000a\000t\000c\000h\000i\000n\000g}{chapter.8}% 150
\BOOKMARK [1][-]{section.8.3}{\376\377\000C\000o\000m\000p\000l\000e\000s\000s\000i\000t\000\340\000\040\000c\000o\000m\000p\000u\000t\000a\000z\000i\000o\000n\000a\000l\000e}{chapter.8}% 151
\BOOKMARK [1][-]{section.8.4}{\376\377\000A\000l\000g\000o\000r\000i\000t\000m\000i\000\040\000d\000i\000\040\000s\000u\000b\000g\000r\000a\000p\000h\000\040\000m\000a\000t\000c\000h\000i\000n\000g}{chapter.8}% 152
\BOOKMARK [2][-]{subsection.8.4.1}{\376\377\000S\000o\000l\000u\000z\000i\000o\000n\000e\000\040\000B\000r\000u\000t\000e\000f\000o\000r\000c\000e}{section.8.4}% 153
\BOOKMARK [2][-]{subsection.8.4.2}{\376\377\000A\000l\000g\000o\000r\000i\000t\000m\000o\000\040\000d\000i\000\040\000U\000l\000l\000m\000a\000n\000n}{section.8.4}% 154
\BOOKMARK [2][-]{subsection.8.4.3}{\376\377\000A\000l\000g\000o\000r\000i\000t\000m\000o\000\040\000V\000F}{section.8.4}% 155
\BOOKMARK [2][-]{subsection.8.4.4}{\376\377\000A\000l\000g\000o\000r\000i\000t\000m\000o\000\040\000V\000F\0002}{section.8.4}% 156
\BOOKMARK [2][-]{subsection.8.4.5}{\376\377\000A\000l\000g\000o\000r\000i\000t\000m\000o\000\040\000R\000I}{section.8.4}% 157
\BOOKMARK [2][-]{subsection.8.4.6}{\376\377\000R\000I\000-\000D\000S}{section.8.4}% 158
\BOOKMARK [1][-]{section.8.5}{\376\377\000S\000u\000b\000g\000r\000a\000p\000h\000\040\000M\000a\000t\000c\000h\000i\000n\000g\000\040\000i\000n\000\040\000D\000a\000t\000a\000b\000a\000s\000e\000\040\000d\000i\000\040\000G\000r\000a\000f\000i}{chapter.8}% 159
\BOOKMARK [2][-]{subsection.8.5.1}{\376\377\000I\000n\000d\000i\000c\000i\000z\000z\000a\000z\000i\000o\000n\000e}{section.8.5}% 160
\BOOKMARK [1][-]{section.8.6}{\376\377\000F\000e\000a\000t\000u\000r\000e\000s\000\040\000d\000e\000i\000\040\000g\000r\000a\000f\000i}{chapter.8}% 161
\BOOKMARK [2][-]{subsection.8.6.1}{\376\377\000S\000c\000h\000e\000m\000a\000\040\000d\000i\000\040\000s\000u\000b\000g\000r\000a\000p\000h\000\040\000m\000a\000t\000c\000h\000i\000n\000g\000\040\000i\000n\000\040\000d\000a\000t\000a\000b\000a\000s\000e\000\040\000d\000i\000\040\000g\000r\000a\000f\000i}{section.8.6}% 162
\BOOKMARK [2][-]{subsection.8.6.2}{\376\377\000I\000n\000d\000i\000c\000i\000z\000z\000a\000z\000i\000o\000n\000e\000\040\000i\000n\000v\000e\000r\000s\000a}{section.8.6}% 163
\BOOKMARK [2][-]{subsection.8.6.3}{\376\377\000A\000l\000g\000o\000r\000i\000t\000m\000o\000\040\000S\000I\000N\000G}{section.8.6}% 164
\BOOKMARK [0][-]{chapter.9}{\376\377\000S\000u\000b\000g\000r\000a\000p\000h\000\040\000M\000a\000t\000c\000h\000i\000n\000g\000\040\000d\000i\000\040\000G\000r\000a\000f\000i\000\040\000F\000r\000e\000q\000u\000e\000n\000t\000i}{}% 165
\BOOKMARK [1][-]{section.9.1}{\376\377\000A\000l\000g\000o\000r\000i\000t\000m\000o\000\040\000F\000S\000G}{chapter.9}% 166
\BOOKMARK [2][-]{subsection.9.1.1}{\376\377\000R\000e\000g\000o\000l\000a\000\040\000A\000p\000r\000i\000o\000r\000i\000\040\000p\000e\000r\000\040\000s\000o\000t\000t\000o\000-\000g\000r\000a\000f\000i}{section.9.1}% 167
\BOOKMARK [2][-]{subsection.9.1.2}{\376\377\000J\000o\000i\000n\000\040\000t\000r\000a\000\040\000s\000o\000t\000t\000o\000-\000g\000r\000a\000f\000i}{section.9.1}% 168
\BOOKMARK [2][-]{subsection.9.1.3}{\376\377\000P\000r\000o\000c\000e\000d\000u\000r\000a\000\040\000d\000e\000l\000l\000'\000a\000l\000g\000o\000r\000i\000t\000m\000o}{section.9.1}% 169
\BOOKMARK [2][-]{subsection.9.1.4}{\376\377\000G\000e\000n\000e\000r\000a\000z\000i\000o\000n\000e\000\040\000d\000e\000i\000\040\000c\000a\000n\000d\000i\000d\000a\000t\000i}{section.9.1}% 170
\BOOKMARK [2][-]{subsection.9.1.5}{\376\377\000S\000t\000r\000i\000n\000g\000a\000\040\000d\000i\000\040\000a\000d\000i\000a\000c\000e\000n\000z\000a}{section.9.1}% 171
\BOOKMARK [2][-]{subsection.9.1.6}{\376\377\000F\000o\000r\000m\000a\000\040\000c\000a\000n\000o\000n\000i\000c\000a}{section.9.1}% 172
\BOOKMARK [2][-]{subsection.9.1.7}{\376\377\000V\000e\000r\000i\000f\000i\000c\000a\000\040\000d\000e\000l\000l\000a\000\040\000r\000e\000g\000o\000l\000a\000\040\000A\000p\000r\000i\000o\000r\000i}{section.9.1}% 173
\BOOKMARK [1][-]{section.9.2}{\376\377\000A\000l\000g\000o\000r\000i\000t\000m\000o\000\040\000g\000S\000p\000a\000n}{chapter.9}% 174
\BOOKMARK [2][-]{subsection.9.2.1}{\376\377\000V\000i\000s\000i\000t\000a\000\040\000D\000F\000S}{section.9.2}% 175
\BOOKMARK [2][-]{subsection.9.2.2}{\376\377\000C\000o\000d\000i\000f\000i\000c\000a\000\040\000D\000F\000S}{section.9.2}% 176
\BOOKMARK [2][-]{subsection.9.2.3}{\376\377\000G\000e\000n\000e\000r\000a\000z\000i\000o\000n\000e\000\040\000d\000e\000i\000\040\000c\000a\000n\000d\000i\000d\000a\000t\000i}{section.9.2}% 177
\BOOKMARK [0][-]{chapter.10}{\376\377\000E\000l\000e\000m\000e\000n\000t\000i\000\040\000d\000i\000\040\000R\000e\000t\000i\000\040\000n\000e\000u\000r\000a\000l\000i}{}% 178
\BOOKMARK [1][-]{section.10.1}{\376\377\000S\000t\000r\000a\000t\000i}{chapter.10}% 179
\BOOKMARK [2][-]{subsection.10.1.1}{\376\377\000C\000o\000n\000n\000e\000s\000s\000i\000o\000n\000i\000\040\000t\000r\000a\000\040\000l\000a\000y\000e\000r}{section.10.1}% 180
\BOOKMARK [1][-]{section.10.2}{\376\377\000P\000r\000o\000g\000e\000t\000t\000a\000r\000e\000\040\000u\000n\000a\000\040\000r\000e\000t\000e\000\040\000n\000e\000u\000r\000a\000l\000e}{chapter.10}% 181
\BOOKMARK [1][-]{section.10.3}{\376\377\000F\000u\000n\000z\000i\000o\000n\000i\000\040\000d\000i\000\040\000a\000t\000t\000i\000v\000a\000z\000i\000o\000n\000e}{chapter.10}% 182
\BOOKMARK [2][-]{subsection.10.3.1}{\376\377\000F\000u\000n\000z\000i\000o\000n\000e\000\040\000s\000t\000e\000p}{section.10.3}% 183
\BOOKMARK [2][-]{subsection.10.3.2}{\376\377\000F\000u\000n\000z\000i\000o\000n\000e\000\040\000l\000o\000g\000i\000s\000t\000i\000c\000a}{section.10.3}% 184
\BOOKMARK [2][-]{subsection.10.3.3}{\376\377\000T\000a\000n\000g\000e\000n\000t\000e\000\040\000i\000p\000e\000r\000b\000o\000l\000i\000c\000a}{section.10.3}% 185
\BOOKMARK [2][-]{subsection.10.3.4}{\376\377\000F\000u\000n\000z\000i\000o\000n\000e\000\040\000s\000o\000f\000t\000m\000a\000x}{section.10.3}% 186
\BOOKMARK [2][-]{subsection.10.3.5}{\376\377\000R\000e\000L\000U\000:\000\040\000R\000e\000c\000t\000i\000f\000i\000e\000d\000\040\000L\000i\000n\000e\000a\000r\000\040\000U\000n\000i\000t}{section.10.3}% 187
\BOOKMARK [1][-]{section.10.4}{\376\377\000F\000u\000n\000z\000i\000o\000n\000i\000\040\000L\000o\000s\000s}{chapter.10}% 188
\BOOKMARK [2][-]{subsection.10.4.1}{\376\377\000R\000e\000g\000r\000e\000s\000s\000i\000o\000n\000\040\000L\000o\000s\000s}{section.10.4}% 189
\BOOKMARK [2][-]{subsection.10.4.2}{\376\377\000C\000l\000a\000s\000s\000i\000f\000i\000c\000a\000t\000i\000o\000n\000\040\000L\000o\000s\000s}{section.10.4}% 190
\BOOKMARK [1][-]{section.10.5}{\376\377\000T\000r\000a\000i\000n\000i\000n\000g\000\040\000d\000i\000\040\000u\000n\000a\000\040\000r\000e\000t\000e\000\040\000n\000e\000u\000r\000a\000l\000e}{chapter.10}% 191
\BOOKMARK [2][-]{subsection.10.5.1}{\376\377\000O\000t\000t\000i\000m\000i\000z\000z\000a\000z\000i\000o\000n\000e\000\040\000d\000e\000i\000\040\000p\000e\000s\000i}{section.10.5}% 192
\BOOKMARK [2][-]{subsection.10.5.2}{\376\377\000M\000e\000t\000o\000d\000o\000\040\000d\000i\000\040\000d\000i\000s\000c\000e\000s\000a\000\040\000d\000e\000l\000\040\000g\000r\000a\000d\000i\000e\000n\000t\000e}{section.10.5}% 193
\BOOKMARK [2][-]{subsection.10.5.3}{\376\377\000E\000s\000e\000m\000p\000i\000o\000\040\000d\000i\000\040\000c\000o\000m\000p\000u\000t\000a\000z\000i\000o\000n\000e}{section.10.5}% 194
\BOOKMARK [2][-]{subsection.10.5.4}{\376\377\000B\000a\000c\000k\000p\000r\000o\000p\000a\000g\000a\000t\000i\000o\000n}{section.10.5}% 195
\BOOKMARK [1][-]{section.10.6}{\376\377\000T\000e\000c\000n\000i\000c\000h\000e\000\040\000d\000i\000\040\000R\000e\000g\000o\000l\000a\000r\000i\000z\000z\000a\000z\000i\000o\000n\000e}{chapter.10}% 196
\BOOKMARK [2][-]{subsection.10.6.1}{\376\377\000R\000e\000g\000o\000l\000a\000r\000i\000z\000z\000a\000z\000i\000o\000n\000e\000\040\000L\0001\000\040\000e\000\040\000L\0002}{section.10.6}% 197
\BOOKMARK [2][-]{subsection.10.6.2}{\376\377\000D\000r\000o\000p\000o\000u\000t}{section.10.6}% 198
\BOOKMARK [2][-]{subsection.10.6.3}{\376\377\000E\000a\000r\000l\000y\000\040\000S\000t\000o\000p\000p\000i\000n\000g}{section.10.6}% 199
\BOOKMARK [2][-]{subsection.10.6.4}{\376\377\000A\000u\000m\000e\000n\000t\000o\000\040\000d\000e\000l\000\040\000t\000r\000a\000i\000n\000i\000n\000g\000\040\000s\000e\000t}{section.10.6}% 200
\BOOKMARK [1][-]{section.10.7}{\376\377\000T\000i\000p\000i\000\040\000d\000i\000\040\000r\000e\000t\000i\000\040\000n\000e\000u\000r\000a\000l\000i}{chapter.10}% 201
\BOOKMARK [2][-]{subsection.10.7.1}{\376\377\000F\000e\000e\000d\000-\000F\000o\000r\000w\000a\000r\000d\000\040\000N\000e\000t\000w\000o\000r\000k\000s}{section.10.7}% 202
\BOOKMARK [2][-]{subsection.10.7.2}{\376\377\000R\000e\000t\000i\000\040\000N\000e\000u\000r\000a\000l\000i\000\040\000C\000o\000n\000v\000o\000l\000u\000z\000i\000o\000n\000a\000l\000i}{section.10.7}% 203
\BOOKMARK [2][-]{subsection.10.7.3}{\376\377\000R\000e\000t\000e\000\040\000n\000e\000u\000r\000a\000l\000i\000\040\000d\000i\000\040\000g\000r\000a\000f\000i}{section.10.7}% 204
\BOOKMARK [2][-]{subsection.10.7.4}{\376\377\000R\000e\000t\000i\000\040\000N\000e\000u\000r\000a\000l\000i\000\040\000R\000i\000c\000o\000r\000r\000e\000n\000t\000i}{section.10.7}% 205
\BOOKMARK [2][-]{subsection.10.7.5}{\376\377\000L\000S\000T\000M\000:\000\040\000L\000o\000n\000g\000\040\000S\000h\000o\000r\000t\000-\000T\000e\000r\000m\000\040\000M\000e\000m\000o\000r\000y}{section.10.7}% 206
\BOOKMARK [2][-]{subsection.10.7.6}{\376\377\000A\000u\000t\000o\000e\000n\000c\000o\000d\000e\000r}{section.10.7}% 207
\BOOKMARK [2][-]{subsection.10.7.7}{\376\377\000V\000a\000r\000i\000a\000t\000i\000o\000n\000a\000l\000\040\000A\000u\000t\000o\000e\000n\000c\000o\000d\000e\000r}{section.10.7}% 208
\BOOKMARK [0][-]{chapter.11}{\376\377\000I\000n\000t\000r\000o\000d\000u\000z\000i\000o\000n\000e\000\040\000a\000\040\000T\000r\000a\000n\000s\000f\000o\000r\000m\000e\000r\000,\000\040\000L\000L\000M\000\040\000e\000\040\000V\000e\000c\000t\000o\000r\000\040\000D\000a\000t\000a\000b\000a\000s\000e\000s}{}% 209
\BOOKMARK [1][-]{section.11.1}{\376\377\000T\000r\000a\000n\000s\000f\000o\000r\000m\000e\000r}{chapter.11}% 210
\BOOKMARK [2][-]{subsection.11.1.1}{\376\377\000S\000e\000q\0002\000s\000e\000q}{section.11.1}% 211
\BOOKMARK [2][-]{subsection.11.1.2}{\376\377\000A\000r\000c\000h\000i\000t\000e\000t\000t\000u\000r\000a\000\040\000E\000n\000c\000o\000d\000e\000r\000\040\000-\000\040\000D\000e\000c\000o\000d\000e\000r}{section.11.1}% 212
\BOOKMARK [2][-]{subsection.11.1.3}{\376\377\000T\000o\000k\000e\000n\000i\000z\000z\000a\000z\000i\000o\000n\000e\000\040\000e\000d\000\040\000E\000m\000b\000e\000d\000d\000i\000n\000g}{section.11.1}% 213
\BOOKMARK [2][-]{subsection.11.1.4}{\376\377\000E\000n\000c\000o\000d\000i\000n\000g\000\040\000p\000o\000s\000i\000z\000i\000o\000n\000a\000l\000e}{section.11.1}% 214
\BOOKMARK [2][-]{subsection.11.1.5}{\376\377\000M\000e\000c\000c\000a\000n\000i\000s\000m\000o\000\040\000d\000i\000\040\000S\000e\000l\000f\000-\000A\000t\000t\000e\000n\000t\000i\000o\000n}{section.11.1}% 215
\BOOKMARK [1][-]{section.11.2}{\376\377\000L\000L\000M\000:\000\040\000L\000a\000r\000g\000e\000\040\000L\000a\000n\000g\000u\000a\000g\000e\000\040\000M\000o\000d\000e\000l\000s}{chapter.11}% 216
\BOOKMARK [2][-]{subsection.11.2.1}{\376\377\000C\000a\000r\000a\000t\000t\000e\000r\000i\000s\000t\000i\000c\000h\000e\000\040\000p\000r\000i\000n\000c\000i\000p\000a\000l\000i}{section.11.2}% 217
\BOOKMARK [2][-]{subsection.11.2.2}{\376\377\000A\000p\000p\000l\000i\000c\000a\000z\000i\000o\000n\000i}{section.11.2}% 218
\BOOKMARK [2][-]{subsection.11.2.3}{\376\377\000P\000r\000e\000-\000T\000r\000a\000i\000n\000i\000n\000g\000\040\000e\000\040\000F\000i\000n\000e\000-\000T\000u\000n\000i\000n\000g}{section.11.2}% 219
\BOOKMARK [2][-]{subsection.11.2.4}{\376\377\000P\000r\000o\000m\000p\000t}{section.11.2}% 220
\BOOKMARK [2][-]{subsection.11.2.5}{\376\377\000R\000A\000G\000:\000\040\000R\000e\000t\000r\000i\000e\000v\000a\000l\000-\000A\000u\000g\000m\000e\000n\000t\000e\000d\000\040\000G\000e\000n\000e\000r\000a\000t\000i\000o\000n}{section.11.2}% 221
\BOOKMARK [1][-]{section.11.3}{\376\377\000V\000e\000c\000t\000o\000r\000\040\000D\000a\000t\000a\000b\000a\000s\000e\000s}{chapter.11}% 222
\BOOKMARK [2][-]{subsection.11.3.1}{\376\377\000S\000p\000l\000i\000t\000t\000i\000n\000g\000\040\000i\000n\000\040\000c\000h\000u\000n\000k}{section.11.3}% 223
\BOOKMARK [2][-]{subsection.11.3.2}{\376\377\000M\000e\000m\000o\000r\000i\000z\000z\000a\000z\000i\000o\000n\000e\000\040\000n\000e\000l\000\040\000d\000a\000t\000a\000b\000a\000s\000e\000\040\000v\000e\000t\000t\000o\000r\000i\000a\000l\000e}{section.11.3}% 224
\BOOKMARK [2][-]{subsection.11.3.3}{\376\377\000G\000r\000a\000p\000h\000-\000R\000A\000G}{section.11.3}% 225
