This is pdfTeX, Version 3.141592653-2.6-1.40.25 (TeX Live 2023) (preloaded format=pdflatex 2026.2.23)  3 MAR 2026 16:25
entering extended mode
 \write18 enabled.
 %&-line parsing enabled.
**/home/manu/Documents/Sylloge-by-Manu/IDM_2526/Dispense/DataMining.tex
(/home/manu/Documents/Sylloge-by-Manu/IDM_2526/Dispense/DataMining.tex
LaTeX2e <2022-11-01> patch level 1
L3 programming layer <2023-02-22> (/usr/share/texlive/texmf-dist/tex/latex/base/book.cls
Document Class: book 2022/07/02 v1.4n Standard LaTeX document class
(/usr/share/texlive/texmf-dist/tex/latex/base/bk11.clo
File: bk11.clo 2022/07/02 v1.4n Standard LaTeX file (size option)
)
\c@part=\count185
\c@chapter=\count186
\c@section=\count187
\c@subsection=\count188
\c@subsubsection=\count189
\c@paragraph=\count190
\c@subparagraph=\count191
\c@figure=\count192
\c@table=\count193
\abovecaptionskip=\skip48
\belowcaptionskip=\skip49
\bibindent=\dimen140
) (/usr/share/texlive/texmf-dist/tex/latex/base/inputenc.sty
Package: inputenc 2021/02/14 v1.3d Input encoding file
\inpenc@prehook=\toks16
\inpenc@posthook=\toks17
) (/usr/share/texlive/texmf-dist/tex/latex/base/fontenc.sty
Package: fontenc 2021/04/29 v2.0v Standard LaTeX package
) (/usr/share/texlive/texmf-dist/tex/generic/babel/babel.sty
Package: babel 2023/02/13 3.86 The Babel package
\babel@savecnt=\count194
\U@D=\dimen141
\l@unhyphenated=\language85
 (/usr/share/texlive/texmf-dist/tex/generic/babel/txtbabel.def)
\bbl@readstream=\read2
\bbl@dirlevel=\count195
 (/usr/share/texlive/texmf-dist/tex/generic/babel-italian/italian.ldf
Language: italian 2022/03/27 v.1.4.07 Italian support for the babel system
\it@lettering=\count196
\it@doublequoteactive=\count197
\it@ISOcompliance=\count198
)) (/usr/share/texlive/texmf-dist/tex/generic/babel/locale/it/babel-italian.tex
Package babel Info: Importing font and identification data for italian
(babel)             from babel-it.ini. Reported on input line 11.
) (/usr/share/texlive/texmf-dist/tex/latex/etoolbox/etoolbox.sty
Package: etoolbox 2020/10/05 v2.5k e-TeX tools for LaTeX (JAW)
\etb@tempcnta=\count199
) (/usr/share/texlive/texmf-dist/tex/latex/libertinus/libertinus.sty
Package: libertinus 2020/05/06 v. 0.02 (Herbert Voss) Supports libertinus fonts for pdflatex/lualatex/xelatex
 (/usr/share/texlive/texmf-dist/tex/generic/iftex/iftex.sty
Package: iftex 2022/02/03 v1.0f TeX engine tests
) (/usr/share/texlive/texmf-dist/tex/latex/xkeyval/xkeyval.sty
Package: xkeyval 2022/06/16 v2.9 package option processing (HA)
 (/usr/share/texlive/texmf-dist/tex/generic/xkeyval/xkeyval.tex (/usr/share/texlive/texmf-dist/tex/generic/xkeyval/xkvutils.tex
\XKV@toks=\toks18
\XKV@tempa@toks=\toks19
 (/usr/share/texlive/texmf-dist/tex/generic/xkeyval/keyval.tex))
\XKV@depth=\count266
File: xkeyval.tex 2014/12/03 v2.7a key=value parser (HA)
)) (/usr/share/texlive/texmf-dist/tex/latex/libertinus-type1/libertinus-type1.sty
Package: libertinus-type1 2021/02/14 (Bob Tennent) Supports libertinus fonts for latex/pdflatex.
 (/usr/share/texlive/texmf-dist/tex/generic/iftex/ifxetex.sty
Package: ifxetex 2019/10/25 v0.7 ifxetex legacy package. Use iftex instead.
) (/usr/share/texlive/texmf-dist/tex/generic/iftex/ifluatex.sty
Package: ifluatex 2019/10/25 v1.5 ifluatex legacy package. Use iftex instead.
) (/usr/share/texlive/texmf-dist/tex/latex/base/textcomp.sty
Package: textcomp 2020/02/02 v2.0n Standard LaTeX package
) (/usr/share/texlive/texmf-dist/tex/latex/base/fontenc.sty
Package: fontenc 2021/04/29 v2.0v Standard LaTeX package
) (/usr/share/texlive/texmf-dist/tex/latex/fontaxes/fontaxes.sty
Package: fontaxes 2020/07/21 v1.0e Font selection axes
LaTeX Info: Redefining \upshape on input line 29.
LaTeX Info: Redefining \itshape on input line 31.
LaTeX Info: Redefining \slshape on input line 33.
LaTeX Info: Redefining \swshape on input line 35.
LaTeX Info: Redefining \scshape on input line 37.
LaTeX Info: Redefining \sscshape on input line 39.
LaTeX Info: Redefining \ulcshape on input line 41.
LaTeX Info: Redefining \textsw on input line 47.
LaTeX Info: Redefining \textssc on input line 48.
LaTeX Info: Redefining \textulc on input line 49.
))) (/usr/share/texlive/texmf-dist/tex/latex/sourcesanspro/sourcesanspro.sty
Package: sourcesanspro 2018/05/19 v2.7 Adobe's Source Sans Pro typeface
 (/usr/share/texlive/texmf-dist/tex/latex/base/fontenc.sty
Package: fontenc 2021/04/29 v2.0v Standard LaTeX package
 (/usr/share/texlive/texmf-dist/tex/latex/ly1/ly1enc.def
File: ly1enc.def 2022/06/11 v0.8 TeX 'n ANSI encoding (DPC/KB)
Now handling font encoding LY1 ...
... processing UTF-8 mapping file for font encoding LY1
 (/usr/share/texlive/texmf-dist/tex/latex/base/ly1enc.dfu
File: ly1enc.dfu 2022/06/07 v1.3c UTF-8 support
   defining Unicode char U+00A0 (decimal 160)
   defining Unicode char U+00A1 (decimal 161)
   defining Unicode char U+00A2 (decimal 162)
   defining Unicode char U+00A3 (decimal 163)
   defining Unicode char U+00A4 (decimal 164)
   defining Unicode char U+00A5 (decimal 165)
   defining Unicode char U+00A6 (decimal 166)
   defining Unicode char U+00A7 (decimal 167)
   defining Unicode char U+00AA (decimal 170)
   defining Unicode char U+00AB (decimal 171)
   defining Unicode char U+00AD (decimal 173)
   defining Unicode char U+00AE (decimal 174)
   defining Unicode char U+00B0 (decimal 176)
   defining Unicode char U+00B5 (decimal 181)
   defining Unicode char U+00B6 (decimal 182)
   defining Unicode char U+00B7 (decimal 183)
   defining Unicode char U+00BA (decimal 186)
   defining Unicode char U+00BB (decimal 187)
   defining Unicode char U+00BC (decimal 188)
   defining Unicode char U+00BD (decimal 189)
   defining Unicode char U+00BE (decimal 190)
   defining Unicode char U+00BF (decimal 191)
   defining Unicode char U+00C0 (decimal 192)
   defining Unicode char U+00C1 (decimal 193)
   defining Unicode char U+00C2 (decimal 194)
   defining Unicode char U+00C3 (decimal 195)
   defining Unicode char U+00C4 (decimal 196)
   defining Unicode char U+00C5 (decimal 197)
   defining Unicode char U+00C6 (decimal 198)
   defining Unicode char U+00C7 (decimal 199)
   defining Unicode char U+00C8 (decimal 200)
   defining Unicode char U+00C9 (decimal 201)
   defining Unicode char U+00CA (decimal 202)
   defining Unicode char U+00CB (decimal 203)
   defining Unicode char U+00CC (decimal 204)
   defining Unicode char U+00CD (decimal 205)
   defining Unicode char U+00CE (decimal 206)
   defining Unicode char U+00CF (decimal 207)
   defining Unicode char U+00D0 (decimal 208)
   defining Unicode char U+00D1 (decimal 209)
   defining Unicode char U+00D2 (decimal 210)
   defining Unicode char U+00D3 (decimal 211)
   defining Unicode char U+00D4 (decimal 212)
   defining Unicode char U+00D5 (decimal 213)
   defining Unicode char U+00D6 (decimal 214)
   defining Unicode char U+00D8 (decimal 216)
   defining Unicode char U+00D9 (decimal 217)
   defining Unicode char U+00DA (decimal 218)
   defining Unicode char U+00DB (decimal 219)
   defining Unicode char U+00DC (decimal 220)
   defining Unicode char U+00DD (decimal 221)
   defining Unicode char U+00DE (decimal 222)
   defining Unicode char U+00DF (decimal 223)
   defining Unicode char U+00E0 (decimal 224)
   defining Unicode char U+00E1 (decimal 225)
   defining Unicode char U+00E2 (decimal 226)
   defining Unicode char U+00E3 (decimal 227)
   defining Unicode char U+00E4 (decimal 228)
   defining Unicode char U+00E5 (decimal 229)
   defining Unicode char U+00E6 (decimal 230)
   defining Unicode char U+00E7 (decimal 231)
   defining Unicode char U+00E8 (decimal 232)
   defining Unicode char U+00E9 (decimal 233)
   defining Unicode char U+00EA (decimal 234)
   defining Unicode char U+00EB (decimal 235)
   defining Unicode char U+00EC (decimal 236)
   defining Unicode char U+00ED (decimal 237)
   defining Unicode char U+00EE (decimal 238)
   defining Unicode char U+00EF (decimal 239)
   defining Unicode char U+00F0 (decimal 240)
   defining Unicode char U+00F1 (decimal 241)
   defining Unicode char U+00F2 (decimal 242)
   defining Unicode char U+00F3 (decimal 243)
   defining Unicode char U+00F4 (decimal 244)
   defining Unicode char U+00F5 (decimal 245)
   defining Unicode char U+00F6 (decimal 246)
   defining Unicode char U+00F8 (decimal 248)
   defining Unicode char U+00F9 (decimal 249)
   defining Unicode char U+00FA (decimal 250)
   defining Unicode char U+00FB (decimal 251)
   defining Unicode char U+00FC (decimal 252)
   defining Unicode char U+00FD (decimal 253)
   defining Unicode char U+00FE (decimal 254)
   defining Unicode char U+00FF (decimal 255)
   defining Unicode char U+0131 (decimal 305)
   defining Unicode char U+0141 (decimal 321)
   defining Unicode char U+0142 (decimal 322)
   defining Unicode char U+0152 (decimal 338)
   defining Unicode char U+0153 (decimal 339)
   defining Unicode char U+0160 (decimal 352)
   defining Unicode char U+0161 (decimal 353)
   defining Unicode char U+0174 (decimal 372)
   defining Unicode char U+0175 (decimal 373)
   defining Unicode char U+0176 (decimal 374)
   defining Unicode char U+0177 (decimal 375)
   defining Unicode char U+0178 (decimal 376)
   defining Unicode char U+017D (decimal 381)
   defining Unicode char U+017E (decimal 382)
   defining Unicode char U+0192 (decimal 402)
   defining Unicode char U+0218 (decimal 536)
   defining Unicode char U+0219 (decimal 537)
   defining Unicode char U+021A (decimal 538)
   defining Unicode char U+021B (decimal 539)
   defining Unicode char U+0237 (decimal 567)
   defining Unicode char U+02C6 (decimal 710)
   defining Unicode char U+02DC (decimal 732)
   defining Unicode char U+2013 (decimal 8211)
   defining Unicode char U+2014 (decimal 8212)
   defining Unicode char U+201C (decimal 8220)
   defining Unicode char U+201D (decimal 8221)
   defining Unicode char U+2020 (decimal 8224)
   defining Unicode char U+2021 (decimal 8225)
   defining Unicode char U+2022 (decimal 8226)
   defining Unicode char U+2026 (decimal 8230)
   defining Unicode char U+2030 (decimal 8240)
   defining Unicode char U+2039 (decimal 8249)
   defining Unicode char U+203A (decimal 8250)
   defining Unicode char U+2122 (decimal 8482)
   defining Unicode char U+FB00 (decimal 64256)
   defining Unicode char U+FB01 (decimal 64257)
   defining Unicode char U+FB02 (decimal 64258)
   defining Unicode char U+FB03 (decimal 64259)
   defining Unicode char U+FB04 (decimal 64260)
   defining Unicode char U+FB05 (decimal 64261)
   defining Unicode char U+FB06 (decimal 64262)
))
LaTeX Font Info:    Trying to load font information for T1+LibertinusSerif-TLF on input line 112.
 (/usr/share/texlive/texmf-dist/tex/latex/libertinus-type1/T1LibertinusSerif-TLF.fd
File: T1LibertinusSerif-TLF.fd 2022/11/07 (autoinst) Font definitions for T1/LibertinusSerif-TLF.
)
LaTeX Font Info:    Font shape `T1/LibertinusSerif-TLF/m/n' will be
(Font)              scaled to size 10.95pt on input line 112.
)) (/usr/share/texlive/texmf-dist/tex/latex/microtype/microtype.sty
Package: microtype 2023/03/13 v3.1a Micro-typographical refinements (RS)
\MT@toks=\toks20
\MT@tempbox=\box51
\MT@count=\count267
LaTeX Info: Redefining \noprotrusionifhmode on input line 1059.
LaTeX Info: Redefining \leftprotrusion on input line 1060.
\MT@prot@toks=\toks21
LaTeX Info: Redefining \rightprotrusion on input line 1078.
LaTeX Info: Redefining \textls on input line 1368.
\MT@outer@kern=\dimen142
LaTeX Info: Redefining \textmicrotypecontext on input line 1988.
\MT@listname@count=\count268
 (/usr/share/texlive/texmf-dist/tex/latex/microtype/microtype-pdftex.def
File: microtype-pdftex.def 2023/03/13 v3.1a Definitions specific to pdftex (RS)
LaTeX Info: Redefining \lsstyle on input line 902.
LaTeX Info: Redefining \lslig on input line 902.
\MT@outer@space=\skip50
)
Package microtype Info: Loading configuration file microtype.cfg.
 (/usr/share/texlive/texmf-dist/tex/latex/microtype/microtype.cfg
File: microtype.cfg 2023/03/13 v3.1a microtype main configuration file (RS)
)) (/usr/share/texlive/texmf-dist/tex/latex/xcolor/xcolor.sty
Package: xcolor 2022/06/12 v2.14 LaTeX color extensions (UK)
 (/usr/share/texlive/texmf-dist/tex/latex/graphics-cfg/color.cfg
File: color.cfg 2016/01/02 v1.6 sample color configuration
)
Package xcolor Info: Driver file: pdftex.def on input line 227.
 (/usr/share/texlive/texmf-dist/tex/latex/graphics-def/pdftex.def
File: pdftex.def 2022/09/22 v1.2b Graphics/color driver for pdftex
) (/usr/share/texlive/texmf-dist/tex/latex/graphics/mathcolor.ltx)
Package xcolor Info: Model `cmy' substituted by `cmy0' on input line 1353.
Package xcolor Info: Model `hsb' substituted by `rgb' on input line 1357.
Package xcolor Info: Model `RGB' extended on input line 1369.
Package xcolor Info: Model `HTML' substituted by `rgb' on input line 1371.
Package xcolor Info: Model `Hsb' substituted by `hsb' on input line 1372.
Package xcolor Info: Model `tHsb' substituted by `hsb' on input line 1373.
Package xcolor Info: Model `HSB' substituted by `hsb' on input line 1374.
Package xcolor Info: Model `Gray' substituted by `gray' on input line 1375.
Package xcolor Info: Model `wave' substituted by `hsb' on input line 1376.
) (/usr/share/texlive/texmf-dist/tex/latex/graphics/graphicx.sty
Package: graphicx 2021/09/16 v1.2d Enhanced LaTeX Graphics (DPC,SPQR)
 (/usr/share/texlive/texmf-dist/tex/latex/graphics/graphics.sty
Package: graphics 2022/03/10 v1.4e Standard LaTeX Graphics (DPC,SPQR)
 (/usr/share/texlive/texmf-dist/tex/latex/graphics/trig.sty
Package: trig 2021/08/11 v1.11 sin cos tan (DPC)
) (/usr/share/texlive/texmf-dist/tex/latex/graphics-cfg/graphics.cfg
File: graphics.cfg 2016/06/04 v1.11 sample graphics configuration
)
Package graphics Info: Driver file: pdftex.def on input line 107.
)
\Gin@req@height=\dimen143
\Gin@req@width=\dimen144
) (/usr/share/texlive/texmf-dist/tex/latex/pgf/frontendlayer/tikz.sty (/usr/share/texlive/texmf-dist/tex/latex/pgf/basiclayer/pgf.sty (/usr/share/texlive/texmf-dist/tex/latex/pgf/utilities/pgfrcs.sty (/usr/share/texlive/texmf-dist/tex/generic/pgf/utilities/pgfutil-common.tex
\pgfutil@everybye=\toks22
\pgfutil@tempdima=\dimen145
\pgfutil@tempdimb=\dimen146
) (/usr/share/texlive/texmf-dist/tex/generic/pgf/utilities/pgfutil-latex.def
\pgfutil@abb=\box52
) (/usr/share/texlive/texmf-dist/tex/generic/pgf/utilities/pgfrcs.code.tex (/usr/share/texlive/texmf-dist/tex/generic/pgf/pgf.revision.tex)
Package: pgfrcs 2023-01-15 v3.1.10 (3.1.10)
))
Package: pgf 2023-01-15 v3.1.10 (3.1.10)
 (/usr/share/texlive/texmf-dist/tex/latex/pgf/basiclayer/pgfcore.sty (/usr/share/texlive/texmf-dist/tex/latex/pgf/systemlayer/pgfsys.sty (/usr/share/texlive/texmf-dist/tex/generic/pgf/systemlayer/pgfsys.code.tex
Package: pgfsys 2023-01-15 v3.1.10 (3.1.10)
 (/usr/share/texlive/texmf-dist/tex/generic/pgf/utilities/pgfkeys.code.tex
\pgfkeys@pathtoks=\toks23
\pgfkeys@temptoks=\toks24
 (/usr/share/texlive/texmf-dist/tex/generic/pgf/utilities/pgfkeyslibraryfiltered.code.tex
\pgfkeys@tmptoks=\toks25
))
\pgf@x=\dimen147
\pgf@y=\dimen148
\pgf@xa=\dimen149
\pgf@ya=\dimen150
\pgf@xb=\dimen151
\pgf@yb=\dimen152
\pgf@xc=\dimen153
\pgf@yc=\dimen154
\pgf@xd=\dimen155
\pgf@yd=\dimen156
\w@pgf@writea=\write3
\r@pgf@reada=\read3
\c@pgf@counta=\count269
\c@pgf@countb=\count270
\c@pgf@countc=\count271
\c@pgf@countd=\count272
\t@pgf@toka=\toks26
\t@pgf@tokb=\toks27
\t@pgf@tokc=\toks28
\pgf@sys@id@count=\count273
 (/usr/share/texlive/texmf-dist/tex/generic/pgf/systemlayer/pgf.cfg
File: pgf.cfg 2023-01-15 v3.1.10 (3.1.10)
)
Driver file for pgf: pgfsys-pdftex.def
 (/usr/share/texlive/texmf-dist/tex/generic/pgf/systemlayer/pgfsys-pdftex.def
File: pgfsys-pdftex.def 2023-01-15 v3.1.10 (3.1.10)
 (/usr/share/texlive/texmf-dist/tex/generic/pgf/systemlayer/pgfsys-common-pdf.def
File: pgfsys-common-pdf.def 2023-01-15 v3.1.10 (3.1.10)
))) (/usr/share/texlive/texmf-dist/tex/generic/pgf/systemlayer/pgfsyssoftpath.code.tex
File: pgfsyssoftpath.code.tex 2023-01-15 v3.1.10 (3.1.10)
\pgfsyssoftpath@smallbuffer@items=\count274
\pgfsyssoftpath@bigbuffer@items=\count275
) (/usr/share/texlive/texmf-dist/tex/generic/pgf/systemlayer/pgfsysprotocol.code.tex
File: pgfsysprotocol.code.tex 2023-01-15 v3.1.10 (3.1.10)
)) (/usr/share/texlive/texmf-dist/tex/generic/pgf/basiclayer/pgfcore.code.tex
Package: pgfcore 2023-01-15 v3.1.10 (3.1.10)
 (/usr/share/texlive/texmf-dist/tex/generic/pgf/math/pgfmath.code.tex (/usr/share/texlive/texmf-dist/tex/generic/pgf/math/pgfmathutil.code.tex) (/usr/share/texlive/texmf-dist/tex/generic/pgf/math/pgfmathparser.code.tex
\pgfmath@dimen=\dimen157
\pgfmath@count=\count276
\pgfmath@box=\box53
\pgfmath@toks=\toks29
\pgfmath@stack@operand=\toks30
\pgfmath@stack@operation=\toks31
) (/usr/share/texlive/texmf-dist/tex/generic/pgf/math/pgfmathfunctions.code.tex) (/usr/share/texlive/texmf-dist/tex/generic/pgf/math/pgfmathfunctions.basic.code.tex) (/usr/share/texlive/texmf-dist/tex/generic/pgf/math/pgfmathfunctions.trigonometric.code.tex) (/usr/share/texlive/texmf-dist/tex/generic/pgf/math/pgfmathfunctions.random.code.tex) (/usr/share/texlive/texmf-dist/tex/generic/pgf/math/pgfmathfunctions.comparison.code.tex) (/usr/share/texlive/texmf-dist/tex/generic/pgf/math/pgfmathfunctions.base.code.tex) (/usr/share/texlive/texmf-dist/tex/generic/pgf/math/pgfmathfunctions.round.code.tex) (/usr/share/texlive/texmf-dist/tex/generic/pgf/math/pgfmathfunctions.misc.code.tex) (/usr/share/texlive/texmf-dist/tex/generic/pgf/math/pgfmathfunctions.integerarithmetics.code.tex) (/usr/share/texlive/texmf-dist/tex/generic/pgf/math/pgfmathcalc.code.tex) (/usr/share/texlive/texmf-dist/tex/generic/pgf/math/pgfmathfloat.code.tex
\c@pgfmathroundto@lastzeros=\count277
)) (/usr/share/texlive/texmf-dist/tex/generic/pgf/math/pgfint.code.tex) (/usr/share/texlive/texmf-dist/tex/generic/pgf/basiclayer/pgfcorepoints.code.tex
File: pgfcorepoints.code.tex 2023-01-15 v3.1.10 (3.1.10)
\pgf@picminx=\dimen158
\pgf@picmaxx=\dimen159
\pgf@picminy=\dimen160
\pgf@picmaxy=\dimen161
\pgf@pathminx=\dimen162
\pgf@pathmaxx=\dimen163
\pgf@pathminy=\dimen164
\pgf@pathmaxy=\dimen165
\pgf@xx=\dimen166
\pgf@xy=\dimen167
\pgf@yx=\dimen168
\pgf@yy=\dimen169
\pgf@zx=\dimen170
\pgf@zy=\dimen171
) (/usr/share/texlive/texmf-dist/tex/generic/pgf/basiclayer/pgfcorepathconstruct.code.tex
File: pgfcorepathconstruct.code.tex 2023-01-15 v3.1.10 (3.1.10)
\pgf@path@lastx=\dimen172
\pgf@path@lasty=\dimen173
) (/usr/share/texlive/texmf-dist/tex/generic/pgf/basiclayer/pgfcorepathusage.code.tex
File: pgfcorepathusage.code.tex 2023-01-15 v3.1.10 (3.1.10)
\pgf@shorten@end@additional=\dimen174
\pgf@shorten@start@additional=\dimen175
) (/usr/share/texlive/texmf-dist/tex/generic/pgf/basiclayer/pgfcorescopes.code.tex
File: pgfcorescopes.code.tex 2023-01-15 v3.1.10 (3.1.10)
\pgfpic=\box54
\pgf@hbox=\box55
\pgf@layerbox@main=\box56
\pgf@picture@serial@count=\count278
) (/usr/share/texlive/texmf-dist/tex/generic/pgf/basiclayer/pgfcoregraphicstate.code.tex
File: pgfcoregraphicstate.code.tex 2023-01-15 v3.1.10 (3.1.10)
\pgflinewidth=\dimen176
) (/usr/share/texlive/texmf-dist/tex/generic/pgf/basiclayer/pgfcoretransformations.code.tex
File: pgfcoretransformations.code.tex 2023-01-15 v3.1.10 (3.1.10)
\pgf@pt@x=\dimen177
\pgf@pt@y=\dimen178
\pgf@pt@temp=\dimen179
) (/usr/share/texlive/texmf-dist/tex/generic/pgf/basiclayer/pgfcorequick.code.tex
File: pgfcorequick.code.tex 2023-01-15 v3.1.10 (3.1.10)
) (/usr/share/texlive/texmf-dist/tex/generic/pgf/basiclayer/pgfcoreobjects.code.tex
File: pgfcoreobjects.code.tex 2023-01-15 v3.1.10 (3.1.10)
) (/usr/share/texlive/texmf-dist/tex/generic/pgf/basiclayer/pgfcorepathprocessing.code.tex
File: pgfcorepathprocessing.code.tex 2023-01-15 v3.1.10 (3.1.10)
) (/usr/share/texlive/texmf-dist/tex/generic/pgf/basiclayer/pgfcorearrows.code.tex
File: pgfcorearrows.code.tex 2023-01-15 v3.1.10 (3.1.10)
\pgfarrowsep=\dimen180
) (/usr/share/texlive/texmf-dist/tex/generic/pgf/basiclayer/pgfcoreshade.code.tex
File: pgfcoreshade.code.tex 2023-01-15 v3.1.10 (3.1.10)
\pgf@max=\dimen181
\pgf@sys@shading@range@num=\count279
\pgf@shadingcount=\count280
) (/usr/share/texlive/texmf-dist/tex/generic/pgf/basiclayer/pgfcoreimage.code.tex
File: pgfcoreimage.code.tex 2023-01-15 v3.1.10 (3.1.10)
) (/usr/share/texlive/texmf-dist/tex/generic/pgf/basiclayer/pgfcoreexternal.code.tex
File: pgfcoreexternal.code.tex 2023-01-15 v3.1.10 (3.1.10)
\pgfexternal@startupbox=\box57
) (/usr/share/texlive/texmf-dist/tex/generic/pgf/basiclayer/pgfcorelayers.code.tex
File: pgfcorelayers.code.tex 2023-01-15 v3.1.10 (3.1.10)
) (/usr/share/texlive/texmf-dist/tex/generic/pgf/basiclayer/pgfcoretransparency.code.tex
File: pgfcoretransparency.code.tex 2023-01-15 v3.1.10 (3.1.10)
) (/usr/share/texlive/texmf-dist/tex/generic/pgf/basiclayer/pgfcorepatterns.code.tex
File: pgfcorepatterns.code.tex 2023-01-15 v3.1.10 (3.1.10)
) (/usr/share/texlive/texmf-dist/tex/generic/pgf/basiclayer/pgfcorerdf.code.tex
File: pgfcorerdf.code.tex 2023-01-15 v3.1.10 (3.1.10)
))) (/usr/share/texlive/texmf-dist/tex/generic/pgf/modules/pgfmoduleshapes.code.tex
File: pgfmoduleshapes.code.tex 2023-01-15 v3.1.10 (3.1.10)
\pgfnodeparttextbox=\box58
) (/usr/share/texlive/texmf-dist/tex/generic/pgf/modules/pgfmoduleplot.code.tex
File: pgfmoduleplot.code.tex 2023-01-15 v3.1.10 (3.1.10)
) (/usr/share/texlive/texmf-dist/tex/latex/pgf/compatibility/pgfcomp-version-0-65.sty
Package: pgfcomp-version-0-65 2023-01-15 v3.1.10 (3.1.10)
\pgf@nodesepstart=\dimen182
\pgf@nodesepend=\dimen183
) (/usr/share/texlive/texmf-dist/tex/latex/pgf/compatibility/pgfcomp-version-1-18.sty
Package: pgfcomp-version-1-18 2023-01-15 v3.1.10 (3.1.10)
)) (/usr/share/texlive/texmf-dist/tex/latex/pgf/utilities/pgffor.sty (/usr/share/texlive/texmf-dist/tex/latex/pgf/utilities/pgfkeys.sty (/usr/share/texlive/texmf-dist/tex/generic/pgf/utilities/pgfkeys.code.tex)) (/usr/share/texlive/texmf-dist/tex/latex/pgf/math/pgfmath.sty (/usr/share/texlive/texmf-dist/tex/generic/pgf/math/pgfmath.code.tex)) (/usr/share/texlive/texmf-dist/tex/generic/pgf/utilities/pgffor.code.tex
Package: pgffor 2023-01-15 v3.1.10 (3.1.10)
\pgffor@iter=\dimen184
\pgffor@skip=\dimen185
\pgffor@stack=\toks32
\pgffor@toks=\toks33
)) (/usr/share/texlive/texmf-dist/tex/generic/pgf/frontendlayer/tikz/tikz.code.tex
Package: tikz 2023-01-15 v3.1.10 (3.1.10)
 (/usr/share/texlive/texmf-dist/tex/generic/pgf/libraries/pgflibraryplothandlers.code.tex
File: pgflibraryplothandlers.code.tex 2023-01-15 v3.1.10 (3.1.10)
\pgf@plot@mark@count=\count281
\pgfplotmarksize=\dimen186
)
\tikz@lastx=\dimen187
\tikz@lasty=\dimen188
\tikz@lastxsaved=\dimen189
\tikz@lastysaved=\dimen190
\tikz@lastmovetox=\dimen191
\tikz@lastmovetoy=\dimen192
\tikzleveldistance=\dimen193
\tikzsiblingdistance=\dimen194
\tikz@figbox=\box59
\tikz@figbox@bg=\box60
\tikz@tempbox=\box61
\tikz@tempbox@bg=\box62
\tikztreelevel=\count282
\tikznumberofchildren=\count283
\tikznumberofcurrentchild=\count284
\tikz@fig@count=\count285
 (/usr/share/texlive/texmf-dist/tex/generic/pgf/modules/pgfmodulematrix.code.tex
File: pgfmodulematrix.code.tex 2023-01-15 v3.1.10 (3.1.10)
\pgfmatrixcurrentrow=\count286
\pgfmatrixcurrentcolumn=\count287
\pgf@matrix@numberofcolumns=\count288
)
\tikz@expandcount=\count289
 (/usr/share/texlive/texmf-dist/tex/generic/pgf/frontendlayer/tikz/libraries/tikzlibrarytopaths.code.tex
File: tikzlibrarytopaths.code.tex 2023-01-15 v3.1.10 (3.1.10)
))) (/usr/share/texlive/texmf-dist/tex/generic/pgf/libraries/pgflibraryarrows.meta.code.tex
File: pgflibraryarrows.meta.code.tex 2023-01-15 v3.1.10 (3.1.10)
\pgfarrowinset=\dimen195
\pgfarrowlength=\dimen196
\pgfarrowwidth=\dimen197
\pgfarrowlinewidth=\dimen198
) (/usr/share/texlive/texmf-dist/tex/generic/pgf/frontendlayer/tikz/libraries/tikzlibrarypositioning.code.tex
File: tikzlibrarypositioning.code.tex 2023-01-15 v3.1.10 (3.1.10)
) (/usr/share/texlive/texmf-dist/tex/generic/pgf/frontendlayer/tikz/libraries/tikzlibrarydecorations.pathreplacing.code.tex (/usr/share/texlive/texmf-dist/tex/generic/pgf/frontendlayer/tikz/libraries/tikzlibrarydecorations.code.tex (/usr/share/texlive/texmf-dist/tex/generic/pgf/modules/pgfmoduledecorations.code.tex
\pgfdecoratedcompleteddistance=\dimen199
\pgfdecoratedremainingdistance=\dimen256
\pgfdecoratedinputsegmentcompleteddistance=\dimen257
\pgfdecoratedinputsegmentremainingdistance=\dimen258
\pgf@decorate@distancetomove=\dimen259
\pgf@decorate@repeatstate=\count290
\pgfdecorationsegmentamplitude=\dimen260
\pgfdecorationsegmentlength=\dimen261
)
\tikz@lib@dec@box=\box63
) (/usr/share/texlive/texmf-dist/tex/generic/pgf/libraries/decorations/pgflibrarydecorations.pathreplacing.code.tex)) (/usr/share/texlive/texmf-dist/tex/generic/pgf/frontendlayer/tikz/libraries/tikzlibrarycalc.code.tex
File: tikzlibrarycalc.code.tex 2023-01-15 v3.1.10 (3.1.10)
) (/usr/share/texlive/texmf-dist/tex/latex/caption/subcaption.sty
Package: subcaption 2023/02/19 v1.6 Sub-captions (AR)
 (/usr/share/texlive/texmf-dist/tex/latex/caption/caption.sty
Package: caption 2023/03/12 v3.6j Customizing captions (AR)
 (/usr/share/texlive/texmf-dist/tex/latex/caption/caption3.sty
Package: caption3 2023/03/12 v2.4 caption3 kernel (AR)
\caption@tempdima=\dimen262
\captionmargin=\dimen263
\caption@leftmargin=\dimen264
\caption@rightmargin=\dimen265
\caption@width=\dimen266
\caption@indent=\dimen267
\caption@parindent=\dimen268
\caption@hangindent=\dimen269
Package caption Info: Standard document class detected.
)
\c@caption@flags=\count291
\c@continuedfloat=\count292
)
Package caption Info: New subtype `subfigure' on input line 239.
\c@subfigure=\count293
Package caption Info: New subtype `subtable' on input line 239.
\c@subtable=\count294
) (/usr/share/texlive/texmf-dist/tex/latex/listings/listings.sty
\lst@mode=\count295
\lst@gtempboxa=\box64
\lst@token=\toks34
\lst@length=\count296
\lst@currlwidth=\dimen270
\lst@column=\count297
\lst@pos=\count298
\lst@lostspace=\dimen271
\lst@width=\dimen272
\lst@newlines=\count299
\lst@lineno=\count300
\lst@maxwidth=\dimen273
 (/usr/share/texlive/texmf-dist/tex/latex/listings/lstmisc.sty
File: lstmisc.sty 2023/02/27 1.9 (Carsten Heinz)
\c@lstnumber=\count301
\lst@skipnumbers=\count302
\lst@framebox=\box65
) (/usr/share/texlive/texmf-dist/tex/latex/listings/listings.cfg
File: listings.cfg 2023/02/27 1.9 listings configuration
))
Package: listings 2023/02/27 1.9 (Carsten Heinz)
 (/usr/share/texlive/texmf-dist/tex/latex/bera/beramono.sty
Package: beramono 2004/01/31 (WaS)
) (/usr/share/texlive/texmf-dist/tex/latex/amsmath/amsmath.sty
Package: amsmath 2022/04/08 v2.17n AMS math features
\@mathmargin=\skip51

For additional information on amsmath, use the `?' option.
(/usr/share/texlive/texmf-dist/tex/latex/amsmath/amstext.sty
Package: amstext 2021/08/26 v2.01 AMS text
 (/usr/share/texlive/texmf-dist/tex/latex/amsmath/amsgen.sty
File: amsgen.sty 1999/11/30 v2.0 generic functions
\@emptytoks=\toks35
\ex@=\dimen274
)) (/usr/share/texlive/texmf-dist/tex/latex/amsmath/amsbsy.sty
Package: amsbsy 1999/11/29 v1.2d Bold Symbols
\pmbraise@=\dimen275
) (/usr/share/texlive/texmf-dist/tex/latex/amsmath/amsopn.sty
Package: amsopn 2022/04/08 v2.04 operator names
)
\inf@bad=\count303
LaTeX Info: Redefining \frac on input line 234.
\uproot@=\count304
\leftroot@=\count305
LaTeX Info: Redefining \overline on input line 399.
LaTeX Info: Redefining \colon on input line 410.
\classnum@=\count306
\DOTSCASE@=\count307
LaTeX Info: Redefining \ldots on input line 496.
LaTeX Info: Redefining \dots on input line 499.
LaTeX Info: Redefining \cdots on input line 620.
\Mathstrutbox@=\box66
\strutbox@=\box67
LaTeX Info: Redefining \big on input line 722.
LaTeX Info: Redefining \Big on input line 723.
LaTeX Info: Redefining \bigg on input line 724.
LaTeX Info: Redefining \Bigg on input line 725.
\big@size=\dimen276
LaTeX Font Info:    Redeclaring font encoding OML on input line 743.
LaTeX Font Info:    Redeclaring font encoding OMS on input line 744.
\macc@depth=\count308
LaTeX Info: Redefining \bmod on input line 905.
LaTeX Info: Redefining \pmod on input line 910.
LaTeX Info: Redefining \smash on input line 940.
LaTeX Info: Redefining \relbar on input line 970.
LaTeX Info: Redefining \Relbar on input line 971.
\c@MaxMatrixCols=\count309
\dotsspace@=\muskip16
\c@parentequation=\count310
\dspbrk@lvl=\count311
\tag@help=\toks36
\row@=\count312
\column@=\count313
\maxfields@=\count314
\andhelp@=\toks37
\eqnshift@=\dimen277
\alignsep@=\dimen278
\tagshift@=\dimen279
\tagwidth@=\dimen280
\totwidth@=\dimen281
\lineht@=\dimen282
\@envbody=\toks38
\multlinegap=\skip52
\multlinetaggap=\skip53
\mathdisplay@stack=\toks39
LaTeX Info: Redefining \[ on input line 2953.
LaTeX Info: Redefining \] on input line 2954.
) (/usr/share/texlive/texmf-dist/tex/latex/amsfonts/amssymb.sty
Package: amssymb 2013/01/14 v3.01 AMS font symbols
 (/usr/share/texlive/texmf-dist/tex/latex/amsfonts/amsfonts.sty
Package: amsfonts 2013/01/14 v3.01 Basic AMSFonts support
\symAMSa=\mathgroup4
\symAMSb=\mathgroup5
LaTeX Font Info:    Redeclaring math symbol \hbar on input line 98.
LaTeX Font Info:    Overwriting math alphabet `\mathfrak' in version `bold'
(Font)                  U/euf/m/n --> U/euf/b/n on input line 106.
)) (/usr/share/texlive/texmf-dist/tex/latex/amscls/amsthm.sty
Package: amsthm 2020/05/29 v2.20.6
\thm@style=\toks40
\thm@bodyfont=\toks41
\thm@headfont=\toks42
\thm@notefont=\toks43
\thm@headpunct=\toks44
\thm@preskip=\skip54
\thm@postskip=\skip55
\thm@headsep=\skip56
\dth@everypar=\toks45
) (/usr/share/texlive/texmf-dist/tex/latex/geometry/geometry.sty
Package: geometry 2020/01/02 v5.9 Page Geometry
 (/usr/share/texlive/texmf-dist/tex/generic/iftex/ifvtex.sty
Package: ifvtex 2019/10/25 v1.7 ifvtex legacy package. Use iftex instead.
)
\Gm@cnth=\count315
\Gm@cntv=\count316
\c@Gm@tempcnt=\count317
\Gm@bindingoffset=\dimen283
\Gm@wd@mp=\dimen284
\Gm@odd@mp=\dimen285
\Gm@even@mp=\dimen286
\Gm@layoutwidth=\dimen287
\Gm@layoutheight=\dimen288
\Gm@layouthoffset=\dimen289
\Gm@layoutvoffset=\dimen290
\Gm@dimlist=\toks46
) (/usr/share/texlive/texmf-dist/tex/latex/setspace/setspace.sty
Package: setspace 2022/12/04 v6.7b set line spacing
) (/usr/share/texlive/texmf-dist/tex/latex/fancyhdr/fancyhdr.sty
Package: fancyhdr 2022/11/09 v4.1 Extensive control of page headers and footers
\f@nch@headwidth=\skip57
\f@nch@O@elh=\skip58
\f@nch@O@erh=\skip59
\f@nch@O@olh=\skip60
\f@nch@O@orh=\skip61
\f@nch@O@elf=\skip62
\f@nch@O@erf=\skip63
\f@nch@O@olf=\skip64
\f@nch@O@orf=\skip65
) (/usr/share/texlive/texmf-dist/tex/latex/booktabs/booktabs.sty
Package: booktabs 2020/01/12 v1.61803398 Publication quality tables
\heavyrulewidth=\dimen291
\lightrulewidth=\dimen292
\cmidrulewidth=\dimen293
\belowrulesep=\dimen294
\belowbottomsep=\dimen295
\aboverulesep=\dimen296
\abovetopsep=\dimen297
\cmidrulesep=\dimen298
\cmidrulekern=\dimen299
\defaultaddspace=\dimen300
\@cmidla=\count318
\@cmidlb=\count319
\@aboverulesep=\dimen301
\@belowrulesep=\dimen302
\@thisruleclass=\count320
\@lastruleclass=\count321
\@thisrulewidth=\dimen303
) (/usr/share/texlive/texmf-dist/tex/latex/enumitem/enumitem.sty
Package: enumitem 2019/06/20 v3.9 Customized lists
\enitkv@toks@=\toks47
\labelindent=\skip66
\enit@outerparindent=\dimen304
\enit@toks=\toks48
\enit@inbox=\box68
\enit@count@id=\count322
\enitdp@description=\count323
) (/usr/share/texlive/texmf-dist/tex/latex/tools/multicol.sty
Package: multicol 2021/11/30 v1.9d multicolumn formatting (FMi)
\c@tracingmulticols=\count324
\mult@box=\box69
\multicol@leftmargin=\dimen305
\c@unbalance=\count325
\c@collectmore=\count326
\doublecol@number=\count327
\multicoltolerance=\count328
\multicolpretolerance=\count329
\full@width=\dimen306
\page@free=\dimen307
\premulticols=\dimen308
\postmulticols=\dimen309
\multicolsep=\skip67
\multicolbaselineskip=\skip68
\partial@page=\box70
\last@line=\box71
\maxbalancingoverflow=\dimen310
\mult@rightbox=\box72
\mult@grightbox=\box73
\mult@firstbox=\box74
\mult@gfirstbox=\box75
\@tempa=\box76
\@tempa=\box77
\@tempa=\box78
\@tempa=\box79
\@tempa=\box80
\@tempa=\box81
\@tempa=\box82
\@tempa=\box83
\@tempa=\box84
\@tempa=\box85
\@tempa=\box86
\@tempa=\box87
\@tempa=\box88
\@tempa=\box89
\@tempa=\box90
\@tempa=\box91
\@tempa=\box92
\@tempa=\box93
\@tempa=\box94
\@tempa=\box95
\@tempa=\box96
\@tempa=\box97
\@tempa=\box98
\@tempa=\box99
\@tempa=\box100
\@tempa=\box101
\@tempa=\box102
\@tempa=\box103
\@tempa=\box104
\@tempa=\box105
\@tempa=\box106
\@tempa=\box107
\@tempa=\box108
\@tempa=\box109
\@tempa=\box110
\@tempa=\box111
\c@minrows=\count330
\c@columnbadness=\count331
\c@finalcolumnbadness=\count332
\last@try=\dimen311
\multicolovershoot=\dimen312
\multicolundershoot=\dimen313
\mult@nat@firstbox=\box112
\colbreak@box=\box113
\mc@col@check@num=\count333
) (/usr/share/texlive/texmf-dist/tex/latex/algorithms/algorithm.sty
Package: algorithm 2009/08/24 v0.1 Document Style `algorithm' - floating environment
 (/usr/share/texlive/texmf-dist/tex/latex/float/float.sty
Package: float 2001/11/08 v1.3d Float enhancements (AL)
\c@float@type=\count334
\float@exts=\toks49
\float@box=\box114
\@float@everytoks=\toks50
\@floatcapt=\box115
) (/usr/share/texlive/texmf-dist/tex/latex/base/ifthen.sty
Package: ifthen 2022/04/13 v1.1d Standard LaTeX ifthen package (DPC)
)
\@float@every@algorithm=\toks51
\c@algorithm=\count335
) (/usr/share/texlive/texmf-dist/tex/latex/algorithmicx/algpseudocode.sty
Package: algpseudocode 
 (/usr/share/texlive/texmf-dist/tex/latex/algorithmicx/algorithmicx.sty
Package: algorithmicx 2005/04/27 v1.2 Algorithmicx

Document Style algorithmicx 1.2 - a greatly improved `algorithmic' style
\c@ALG@line=\count336
\c@ALG@rem=\count337
\c@ALG@nested=\count338
\ALG@tlm=\skip69
\ALG@thistlm=\skip70
\c@ALG@Lnr=\count339
\c@ALG@blocknr=\count340
\c@ALG@storecount=\count341
\c@ALG@tmpcounter=\count342
\ALG@tmplength=\skip71
)
Document Style - pseudocode environments for use with the `algorithmicx' style
) (/usr/share/texlive/texmf-dist/tex/latex/xurl/xurl.sty
Package: xurl 2022/01/09 v 0.10 modify URL breaks
 (/usr/share/texlive/texmf-dist/tex/latex/url/url.sty
\Urlmuskip=\muskip17
Package: url 2013/09/16  ver 3.4  Verb mode for urls, etc.
)) (/usr/share/texlive/texmf-dist/tex/latex/hyperref/hyperref.sty
Package: hyperref 2023-02-07 v7.00v Hypertext links for LaTeX
 (/usr/share/texlive/texmf-dist/tex/generic/ltxcmds/ltxcmds.sty
Package: ltxcmds 2020-05-10 v1.25 LaTeX kernel commands for general use (HO)
) (/usr/share/texlive/texmf-dist/tex/generic/pdftexcmds/pdftexcmds.sty
Package: pdftexcmds 2020-06-27 v0.33 Utility functions of pdfTeX for LuaTeX (HO)
 (/usr/share/texlive/texmf-dist/tex/generic/infwarerr/infwarerr.sty
Package: infwarerr 2019/12/03 v1.5 Providing info/warning/error messages (HO)
)
Package pdftexcmds Info: \pdf@primitive is available.
Package pdftexcmds Info: \pdf@ifprimitive is available.
Package pdftexcmds Info: \pdfdraftmode found.
) (/usr/share/texlive/texmf-dist/tex/latex/kvsetkeys/kvsetkeys.sty
Package: kvsetkeys 2022-10-05 v1.19 Key value parser (HO)
) (/usr/share/texlive/texmf-dist/tex/generic/kvdefinekeys/kvdefinekeys.sty
Package: kvdefinekeys 2019-12-19 v1.6 Define keys (HO)
) (/usr/share/texlive/texmf-dist/tex/generic/pdfescape/pdfescape.sty
Package: pdfescape 2019/12/09 v1.15 Implements pdfTeX's escape features (HO)
) (/usr/share/texlive/texmf-dist/tex/latex/hycolor/hycolor.sty
Package: hycolor 2020-01-27 v1.10 Color options for hyperref/bookmark (HO)
) (/usr/share/texlive/texmf-dist/tex/latex/letltxmacro/letltxmacro.sty
Package: letltxmacro 2019/12/03 v1.6 Let assignment for LaTeX macros (HO)
) (/usr/share/texlive/texmf-dist/tex/latex/auxhook/auxhook.sty
Package: auxhook 2019-12-17 v1.6 Hooks for auxiliary files (HO)
) (/usr/share/texlive/texmf-dist/tex/latex/hyperref/nameref.sty
Package: nameref 2022-05-17 v2.50 Cross-referencing by name of section
 (/usr/share/texlive/texmf-dist/tex/latex/refcount/refcount.sty
Package: refcount 2019/12/15 v3.6 Data extraction from label references (HO)
) (/usr/share/texlive/texmf-dist/tex/generic/gettitlestring/gettitlestring.sty
Package: gettitlestring 2019/12/15 v1.6 Cleanup title references (HO)
 (/usr/share/texlive/texmf-dist/tex/latex/kvoptions/kvoptions.sty
Package: kvoptions 2022-06-15 v3.15 Key value format for package options (HO)
))
\c@section@level=\count343
)
\@linkdim=\dimen314
\Hy@linkcounter=\count344
\Hy@pagecounter=\count345
 (/usr/share/texlive/texmf-dist/tex/latex/hyperref/pd1enc.def
File: pd1enc.def 2023-02-07 v7.00v Hyperref: PDFDocEncoding definition (HO)
Now handling font encoding PD1 ...
... no UTF-8 mapping file for font encoding PD1
) (/usr/share/texlive/texmf-dist/tex/generic/intcalc/intcalc.sty
Package: intcalc 2019/12/15 v1.3 Expandable calculations with integers (HO)
) (/usr/share/texlive/texmf-dist/tex/generic/etexcmds/etexcmds.sty
Package: etexcmds 2019/12/15 v1.7 Avoid name clashes with e-TeX commands (HO)
)
\Hy@SavedSpaceFactor=\count346
 (/usr/share/texlive/texmf-dist/tex/latex/hyperref/puenc.def
File: puenc.def 2023-02-07 v7.00v Hyperref: PDF Unicode definition (HO)
Now handling font encoding PU ...
... no UTF-8 mapping file for font encoding PU
)
Package hyperref Info: Hyper figures OFF on input line 4177.
Package hyperref Info: Link nesting OFF on input line 4182.
Package hyperref Info: Hyper index ON on input line 4185.
Package hyperref Info: Plain pages OFF on input line 4192.
Package hyperref Info: Backreferencing OFF on input line 4197.
Package hyperref Info: Implicit mode ON; LaTeX internals redefined.
Package hyperref Info: Bookmarks ON on input line 4425.
\c@Hy@tempcnt=\count347
LaTeX Info: Redefining \url on input line 4763.
\XeTeXLinkMargin=\dimen315
 (/usr/share/texlive/texmf-dist/tex/generic/bitset/bitset.sty
Package: bitset 2019/12/09 v1.3 Handle bit-vector datatype (HO)
 (/usr/share/texlive/texmf-dist/tex/generic/bigintcalc/bigintcalc.sty
Package: bigintcalc 2019/12/15 v1.5 Expandable calculations on big integers (HO)
))
\Fld@menulength=\count348
\Field@Width=\dimen316
\Fld@charsize=\dimen317
Package hyperref Info: Hyper figures OFF on input line 6042.
Package hyperref Info: Link nesting OFF on input line 6047.
Package hyperref Info: Hyper index ON on input line 6050.
Package hyperref Info: backreferencing OFF on input line 6057.
Package hyperref Info: Link coloring OFF on input line 6062.
Package hyperref Info: Link coloring with OCG OFF on input line 6067.
Package hyperref Info: PDF/A mode OFF on input line 6072.
 (/usr/share/texlive/texmf-dist/tex/latex/base/atbegshi-ltx.sty
Package: atbegshi-ltx 2021/01/10 v1.0c Emulation of the original atbegshi
package with kernel methods
)
\Hy@abspage=\count349
\c@Item=\count350
\c@Hfootnote=\count351
)
Package hyperref Info: Driver (autodetected): hpdftex.
 (/usr/share/texlive/texmf-dist/tex/latex/hyperref/hpdftex.def
File: hpdftex.def 2023-02-07 v7.00v Hyperref driver for pdfTeX
 (/usr/share/texlive/texmf-dist/tex/latex/base/atveryend-ltx.sty
Package: atveryend-ltx 2020/08/19 v1.0a Emulation of the original atveryend package
with kernel methods
)
\Fld@listcount=\count352
\c@bookmark@seq@number=\count353
 (/usr/share/texlive/texmf-dist/tex/latex/rerunfilecheck/rerunfilecheck.sty
Package: rerunfilecheck 2022-07-10 v1.10 Rerun checks for auxiliary files (HO)
 (/usr/share/texlive/texmf-dist/tex/generic/uniquecounter/uniquecounter.sty
Package: uniquecounter 2019/12/15 v1.4 Provide unlimited unique counter (HO)
)
Package uniquecounter Info: New unique counter `rerunfilecheck' on input line 285.
)
\Hy@SectionHShift=\skip72
) (/usr/share/texlive/texmf-dist/tex/latex/csquotes/csquotes.sty
Package: csquotes 2022-09-14 v5.2n context-sensitive quotations (JAW)
\csq@reset=\count354
\csq@gtype=\count355
\csq@glevel=\count356
\csq@qlevel=\count357
\csq@maxlvl=\count358
\csq@tshold=\count359
\csq@ltx@everypar=\toks52
 (/usr/share/texlive/texmf-dist/tex/latex/csquotes/csquotes.def
File: csquotes.def 2022-09-14 v5.2n csquotes generic definitions (JAW)
)
Package csquotes Info: Trying to load configuration file 'csquotes.cfg'...
Package csquotes Info: ... configuration file loaded successfully.
 (/usr/share/texlive/texmf-dist/tex/latex/csquotes/csquotes.cfg
File: csquotes.cfg 
)) (/usr/share/texlive/texmf-dist/tex/latex/biblatex/biblatex.sty
Package: biblatex 2024/03/21 v3.20 programmable bibliographies (PK/MW)
 (/usr/share/texlive/texmf-dist/tex/latex/logreq/logreq.sty
Package: logreq 2010/08/04 v1.0 xml request logger
\lrq@indent=\count360
 (/usr/share/texlive/texmf-dist/tex/latex/logreq/logreq.def
File: logreq.def 2010/08/04 v1.0 logreq spec v1.0
))
\c@tabx@nest=\count361
\c@listtotal=\count362
\c@listcount=\count363
\c@liststart=\count364
\c@liststop=\count365
\c@citecount=\count366
\c@citetotal=\count367
\c@multicitecount=\count368
\c@multicitetotal=\count369
\c@instcount=\count370
\c@maxnames=\count371
\c@minnames=\count372
\c@maxitems=\count373
\c@minitems=\count374
\c@citecounter=\count375
\c@maxcitecounter=\count376
\c@savedcitecounter=\count377
\c@uniquelist=\count378
\c@uniquename=\count379
\c@refsection=\count380
\c@refsegment=\count381
\c@maxextratitle=\count382
\c@maxextratitleyear=\count383
\c@maxextraname=\count384
\c@maxextradate=\count385
\c@maxextraalpha=\count386
\c@abbrvpenalty=\count387
\c@highnamepenalty=\count388
\c@lownamepenalty=\count389
\c@maxparens=\count390
\c@parenlevel=\count391
\blx@tempcnta=\count392
\blx@tempcntb=\count393
\blx@tempcntc=\count394
\c@blx@maxsection=\count395
\blx@maxsegment@0=\count396
\blx@notetype=\count397
\blx@parenlevel@text=\count398
\blx@parenlevel@foot=\count399
\blx@sectionciteorder@0=\count400
\blx@sectionciteorderinternal@0=\count401
\blx@entrysetcounter=\count402
\blx@biblioinstance=\count403
\labelnumberwidth=\skip73
\labelalphawidth=\skip74
\biblabelsep=\skip75
\bibitemsep=\skip76
\bibnamesep=\skip77
\bibinitsep=\skip78
\bibparsep=\skip79
\bibhang=\skip80
\blx@bcfin=\read4
\blx@bcfout=\write4
\blx@langwohyphens=\language86
\c@mincomprange=\count404
\c@maxcomprange=\count405
\c@mincompwidth=\count406
Package biblatex Info: Trying to load biblatex default data model...
Package biblatex Info: ... file 'blx-dm.def' found.
 (/usr/share/texlive/texmf-dist/tex/latex/biblatex/blx-dm.def
File: blx-dm.def 2024/03/21 v3.20 biblatex datamodel (PK/MW)
)
Package biblatex Info: Trying to load biblatex custom data model...
Package biblatex Info: ... file 'biblatex-dm.cfg' not found.
\c@afterword=\count407
\c@savedafterword=\count408
\c@annotator=\count409
\c@savedannotator=\count410
\c@author=\count411
\c@savedauthor=\count412
\c@bookauthor=\count413
\c@savedbookauthor=\count414
\c@commentator=\count415
\c@savedcommentator=\count416
\c@editor=\count417
\c@savededitor=\count418
\c@editora=\count419
\c@savededitora=\count420
\c@editorb=\count421
\c@savededitorb=\count422
\c@editorc=\count423
\c@savededitorc=\count424
\c@foreword=\count425
\c@savedforeword=\count426
\c@holder=\count427
\c@savedholder=\count428
\c@introduction=\count429
\c@savedintroduction=\count430
\c@namea=\count431
\c@savednamea=\count432
\c@nameb=\count433
\c@savednameb=\count434
\c@namec=\count435
\c@savednamec=\count436
\c@translator=\count437
\c@savedtranslator=\count438
\c@shortauthor=\count439
\c@savedshortauthor=\count440
\c@shorteditor=\count441
\c@savedshorteditor=\count442
\c@labelname=\count443
\c@savedlabelname=\count444
\c@institution=\count445
\c@savedinstitution=\count446
\c@lista=\count447
\c@savedlista=\count448
\c@listb=\count449
\c@savedlistb=\count450
\c@listc=\count451
\c@savedlistc=\count452
\c@listd=\count453
\c@savedlistd=\count454
\c@liste=\count455
\c@savedliste=\count456
\c@listf=\count457
\c@savedlistf=\count458
\c@location=\count459
\c@savedlocation=\count460
\c@organization=\count461
\c@savedorganization=\count462
\c@origlocation=\count463
\c@savedoriglocation=\count464
\c@origpublisher=\count465
\c@savedorigpublisher=\count466
\c@publisher=\count467
\c@savedpublisher=\count468
\c@language=\count469
\c@savedlanguage=\count470
\c@origlanguage=\count471
\c@savedoriglanguage=\count472
\c@pageref=\count473
\c@savedpageref=\count474
\shorthandwidth=\skip81
\shortjournalwidth=\skip82
\shortserieswidth=\skip83
\shorttitlewidth=\skip84
\shortauthorwidth=\skip85
\shorteditorwidth=\skip86
\locallabelnumberwidth=\skip87
\locallabelalphawidth=\skip88
\localshorthandwidth=\skip89
\localshortjournalwidth=\skip90
\localshortserieswidth=\skip91
\localshorttitlewidth=\skip92
\localshortauthorwidth=\skip93
\localshorteditorwidth=\skip94
Package biblatex Info: Trying to load compatibility code...
Package biblatex Info: ... file 'blx-compat.def' found.
 (/usr/share/texlive/texmf-dist/tex/latex/biblatex/blx-compat.def
File: blx-compat.def 2024/03/21 v3.20 biblatex compatibility (PK/MW)
)
Package biblatex Info: Trying to load BibTeX backend compatibility...
Package biblatex Info: ... file 'blx-bibtex.def' found.
 (/usr/share/texlive/texmf-dist/tex/latex/biblatex/blx-bibtex.def
File: blx-bibtex.def 2024/03/21 v3.20 biblatex compatibility (PK/MW)


Package biblatex Warning: Using fall-back bibtex backend:
(biblatex)                functionality may be reduced/unavailable.

)
Package biblatex Info: Trying to load generic definitions...
Package biblatex Info: ... file 'biblatex.def' found.
 (/usr/share/texlive/texmf-dist/tex/latex/biblatex/biblatex.def
File: biblatex.def 2024/03/21 v3.20 biblatex compatibility (PK/MW)
\c@textcitecount=\count475
\c@textcitetotal=\count476
\c@textcitemaxnames=\count477
\c@biburlbigbreakpenalty=\count478
\c@biburlbreakpenalty=\count479
\c@biburlnumpenalty=\count480
\c@biburlucpenalty=\count481
\c@biburllcpenalty=\count482
\biburlbigskip=\muskip18
\biburlnumskip=\muskip19
\biburlucskip=\muskip20
\biburllcskip=\muskip21
\c@smartand=\count483
)
Package biblatex Info: Trying to load bibliography style 'numeric'...
Package biblatex Info: ... file 'numeric.bbx' found.
 (/usr/share/texlive/texmf-dist/tex/latex/biblatex/bbx/numeric.bbx
File: numeric.bbx 2024/03/21 v3.20 biblatex bibliography style (PK/MW)
Package biblatex Info: Trying to load bibliography style 'standard'...
Package biblatex Info: ... file 'standard.bbx' found.
 (/usr/share/texlive/texmf-dist/tex/latex/biblatex/bbx/standard.bbx
File: standard.bbx 2024/03/21 v3.20 biblatex bibliography style (PK/MW)
\c@bbx:relatedcount=\count484
\c@bbx:relatedtotal=\count485
))
Package biblatex Info: Trying to load citation style 'numeric'...
Package biblatex Info: ... file 'numeric.cbx' found.
 (/usr/share/texlive/texmf-dist/tex/latex/biblatex/cbx/numeric.cbx
File: numeric.cbx 2024/03/21 v3.20 biblatex citation style (PK/MW)
Package biblatex Info: Redefining '\cite'.
Package biblatex Info: Redefining '\parencite'.
Package biblatex Info: Redefining '\footcite'.
Package biblatex Info: Redefining '\footcitetext'.
Package biblatex Info: Redefining '\smartcite'.
Package biblatex Info: Redefining '\supercite'.
Package biblatex Info: Redefining '\textcite'.
Package biblatex Info: Redefining '\textcites'.
Package biblatex Info: Redefining '\cites'.
Package biblatex Info: Redefining '\parencites'.
Package biblatex Info: Redefining '\smartcites'.
)
Package biblatex Info: Trying to load configuration file...
Package biblatex Info: ... file 'biblatex.cfg' found.
 (/usr/share/texlive/texmf-dist/tex/latex/biblatex/biblatex.cfg
File: biblatex.cfg 
)
Package biblatex Info: Input encoding 'utf8' detected.
Package biblatex Info: Document encoding is UTF8 ....
 (/usr/share/texlive/texmf-dist/tex/latex/l3kernel/expl3.sty
Package: expl3 2023-02-22 L3 programming layer (loader) 
 (/usr/share/texlive/texmf-dist/tex/latex/l3backend/l3backend-pdftex.def
File: l3backend-pdftex.def 2023-01-16 L3 backend support: PDF output (pdfTeX)
\l__color_backend_stack_int=\count486
\l__pdf_internal_box=\box116
))
Package biblatex Info: ... and expl3
(biblatex)             2023-02-22 L3 programming layer (loader) 
(biblatex)             is new enough (at least 2020/04/06),
(biblatex)             setting 'casechanger=expl3'.
 (/usr/share/texlive/texmf-dist/tex/latex/biblatex/blx-case-expl3.sty (/usr/share/texlive/texmf-dist/tex/latex/l3packages/xparse/xparse.sty
Package: xparse 2023-02-02 L3 Experimental document command parser
)
Package: blx-case-expl3 2024/03/21 v3.20 expl3 case changing code for biblatex
))
Package csquotes Info: Checking for multilingual support...
Package csquotes Info: ... found 'babel' package.
Package csquotes Info: Adjusting default style.
Package csquotes Info: Redefining alias 'default' -> 'italian'.
 (out/DataMining.aux)
\openout1 = `DataMining.aux'.

LaTeX Font Info:    Checking defaults for OML/cmm/m/it on input line 154.
LaTeX Font Info:    ... okay on input line 154.
LaTeX Font Info:    Checking defaults for OMS/cmsy/m/n on input line 154.
LaTeX Font Info:    ... okay on input line 154.
LaTeX Font Info:    Checking defaults for OT1/cmr/m/n on input line 154.
LaTeX Font Info:    ... okay on input line 154.
LaTeX Font Info:    Checking defaults for T1/cmr/m/n on input line 154.
LaTeX Font Info:    ... okay on input line 154.
LaTeX Font Info:    Checking defaults for TS1/cmr/m/n on input line 154.
LaTeX Font Info:    ... okay on input line 154.
LaTeX Font Info:    Checking defaults for OMX/cmex/m/n on input line 154.
LaTeX Font Info:    ... okay on input line 154.
LaTeX Font Info:    Checking defaults for U/cmr/m/n on input line 154.
LaTeX Font Info:    ... okay on input line 154.
LaTeX Font Info:    Checking defaults for LY1/ptm/m/n on input line 154.
LaTeX Font Info:    Trying to load font information for LY1+ptm on input line 154.
 (/usr/share/texlive/texmf-dist/tex/latex/ly1/ly1ptm.fd
File: ly1ptm.fd 2001/02/01 font definitions for LY1/ptm using Berry names.
)
LaTeX Font Info:    ... okay on input line 154.
LaTeX Font Info:    Checking defaults for PD1/pdf/m/n on input line 154.
LaTeX Font Info:    ... okay on input line 154.
LaTeX Font Info:    Checking defaults for PU/pdf/m/n on input line 154.
LaTeX Font Info:    ... okay on input line 154.
LaTeX Info: Redefining \it@ocap on input line 154.
LaTeX Info: Redefining \it@ccap on input line 154.
\c@mv@tabular=\count487
\c@mv@boldtabular=\count488
LaTeX Info: Redefining \microtypecontext on input line 154.
Package microtype Info: Applying patch `item' on input line 154.
Package microtype Info: Applying patch `toc' on input line 154.
Package microtype Info: Applying patch `eqnum' on input line 154.
Package microtype Info: Applying patch `footnote' on input line 154.
Package microtype Info: Applying patch `verbatim' on input line 154.
Package microtype Info: Generating PDF output.
Package microtype Info: Character protrusion enabled (level 2).
Package microtype Info: Using default protrusion set `alltext'.
Package microtype Info: Automatic font expansion enabled (level 2),
(microtype)             stretch: 20, shrink: 20, step: 1, non-selected.
Package microtype Info: Using default expansion set `alltext-nott'.
LaTeX Info: Redefining \showhyphens on input line 154.
Package microtype Info: No adjustment of tracking.
Package microtype Info: No adjustment of interword spacing.
Package microtype Info: No adjustment of character kerning.
Package microtype Info: Loading generic protrusion settings for font family
(microtype)             `LibertinusSerif-TLF' (encoding: T1).
(microtype)             For optimal results, create family-specific settings.
(microtype)             See the microtype manual for details.
 (/usr/share/texlive/texmf-dist/tex/context/base/mkii/supp-pdf.mkii
[Loading MPS to PDF converter (version 2006.09.02).]
\scratchcounter=\count489
\scratchdimen=\dimen318
\scratchbox=\box117
\nofMPsegments=\count490
\nofMParguments=\count491
\everyMPshowfont=\toks53
\MPscratchCnt=\count492
\MPscratchDim=\dimen319
\MPnumerator=\count493
\makeMPintoPDFobject=\count494
\everyMPtoPDFconversion=\toks54
) (/usr/share/texlive/texmf-dist/tex/latex/epstopdf-pkg/epstopdf-base.sty
Package: epstopdf-base 2020-01-24 v2.11 Base part for package epstopdf
Package epstopdf-base Info: Redefining graphics rule for `.eps' on input line 485.
 (/usr/share/texlive/texmf-dist/tex/latex/latexconfig/epstopdf-sys.cfg
File: epstopdf-sys.cfg 2010/07/13 v1.3 Configuration of (r)epstopdf for TeX Live
))
Package caption Info: Begin \AtBeginDocument code.
Package caption Info: float package is loaded.
Package caption Info: hyperref package is loaded.
Package caption Info: listings package is loaded.
Package caption Info: End \AtBeginDocument code.
\c@lstlisting=\count495

*geometry* driver: auto-detecting
*geometry* detected driver: pdftex
*geometry* verbose mode - [ preamble ] result:
* driver: pdftex
* paper: a4paper
* layout: <same size as paper>
* layoutoffset:(h,v)=(0.0pt,0.0pt)
* modes: twoside 
* h-part:(L,W,R)=(85.35826pt, 426.79135pt, 85.35826pt)
* v-part:(T,H,B)=(79.66771pt, 680.02087pt, 85.35826pt)
* \paperwidth=597.50787pt
* \paperheight=845.04684pt
* \textwidth=426.79135pt
* \textheight=680.02087pt
* \oddsidemargin=13.08827pt
* \evensidemargin=13.08827pt
* \topmargin=-24.47607pt
* \headheight=15.0pt
* \headsep=19.8738pt
* \topskip=11.0pt
* \footskip=27.46295pt
* \marginparwidth=106.0pt
* \marginparsep=7.0pt
* \columnsep=10.0pt
* \skip\footins=10.0pt plus 4.0pt minus 2.0pt
* \hoffset=0.0pt
* \voffset=0.0pt
* \mag=1000
* \@twocolumnfalse
* \@twosidetrue
* \@mparswitchtrue
* \@reversemarginfalse
* (1in=72.27pt=25.4mm, 1cm=28.453pt)

Package hyperref Info: Link coloring OFF on input line 154.
(out/DataMining.out) (out/DataMining.out)
\@outlinefile=\write5
\openout5 = `DataMining.out'.

Package biblatex Info: Trying to load language 'italian'...
Package biblatex Info: ... file 'italian.lbx' found.
 (/usr/share/texlive/texmf-dist/tex/latex/biblatex/lbx/italian.lbx
File: italian.lbx 2024/03/21 v3.20 biblatex localization (PK/MW)
)
Package biblatex Info: Input encoding 'utf8' detected.
Package biblatex Info: Automatic encoding selection.
(biblatex)             Assuming data encoding 'utf8'.
Package biblatex Info: Input encoding 'utf8' detected.
Package biblatex Info: Data encoding 'utf8' specified.
(biblatex)             No need to reencode data.
\openout4 = `DataMining-blx.bib'.

Package biblatex Info: Trying to load bibliographic data...
Package biblatex Info: ... file 'DataMining.bbl' found.
 (out/DataMining.bbl)
Package biblatex Info: Reference section=0 on input line 154.
Package biblatex Info: Reference segment=0 on input line 154.
LaTeX Font Info:    Font shape `T1/LibertinusSerif-TLF/m/n' will be
(Font)              scaled to size 28.0pt on input line 168.
LaTeX Font Info:    Font shape `T1/LibertinusSerif-TLF/b/n' will be
(Font)              scaled to size 28.0pt on input line 168.
LaTeX Font Info:    Font shape `T1/LibertinusSerif-TLF/m/n' will be
(Font)              scaled to size 14.4pt on input line 174.
LaTeX Font Info:    Trying to load font information for T1+SourceSansPro-TLF on input line 174.
 (/usr/share/texlive/texmf-dist/tex/latex/sourcesanspro/T1SourceSansPro-TLF.fd
File: T1SourceSansPro-TLF.fd 2020/01/19 (autoinst) Font definitions for T1/SourceSansPro-TLF.
)
LaTeX Font Info:    Font shape `T1/SourceSansPro-TLF/m/n' aliased to
(Font)              `T1/SourceSansPro-TLF/regular/n' on input line 174.
LaTeX Font Info:    Font shape `T1/SourceSansPro-TLF/regular/n' will be
(Font)              scaled to size 13.67995pt on input line 174.
Package microtype Info: Loading generic protrusion settings for font family
(microtype)             `SourceSansPro-TLF' (encoding: T1).
(microtype)             For optimal results, create family-specific settings.
(microtype)             See the microtype manual for details.
<images/unict_logo.jpg, id=911, 2509.375pt x 858.20625pt>
File: images/unict_logo.jpg Graphic file (type jpg)
<use images/unict_logo.jpg>
Package pdftex.def Info: images/unict_logo.jpg  used on input line 177.
(pdftex.def)             Requested size: 133.0958pt x 45.5244pt.
LaTeX Font Info:    Font shape `T1/SourceSansPro-TLF/m/n' aliased to
(Font)              `T1/SourceSansPro-TLF/regular/n' on input line 180.
LaTeX Font Info:    Font shape `T1/SourceSansPro-TLF/regular/n' will be
(Font)              scaled to size 10.40245pt on input line 180.
LaTeX Font Info:    Font shape `T1/SourceSansPro-TLF/m/n' aliased to
(Font)              `T1/SourceSansPro-TLF/regular/n' on input line 189.
LaTeX Font Info:    Font shape `T1/SourceSansPro-TLF/regular/n' will be
(Font)              scaled to size 9.49997pt on input line 189.
LaTeX Font Info:    Font shape `T1/SourceSansPro-TLF/b/n' aliased to
(Font)              `T1/SourceSansPro-TLF/bold/n' on input line 193.
LaTeX Font Info:    Font shape `T1/SourceSansPro-TLF/bold/n' will be
(Font)              scaled to size 9.49997pt on input line 193.
LaTeX Font Info:    Font shape `T1/SourceSansPro-TLF/m/n' aliased to
(Font)              `T1/SourceSansPro-TLF/regular/n' on input line 206.
LaTeX Font Info:    Font shape `T1/SourceSansPro-TLF/regular/n' will be
(Font)              scaled to size 8.54997pt on input line 206.
 (/usr/share/texlive/texmf-dist/tex/latex/microtype/mt-cmr.cfg
File: mt-cmr.cfg 2013/05/19 v2.2 microtype config. file: Computer Modern Roman (RS)
)
LaTeX Font Info:    Trying to load font information for U+msa on input line 210.
 (/usr/share/texlive/texmf-dist/tex/latex/amsfonts/umsa.fd
File: umsa.fd 2013/01/14 v3.01 AMS symbols A
) (/usr/share/texlive/texmf-dist/tex/latex/microtype/mt-msa.cfg
File: mt-msa.cfg 2006/02/04 v1.1 microtype config. file: AMS symbols (a) (RS)
)
LaTeX Font Info:    Trying to load font information for U+msb on input line 210.
 (/usr/share/texlive/texmf-dist/tex/latex/amsfonts/umsb.fd
File: umsb.fd 2013/01/14 v3.01 AMS symbols B
) (/usr/share/texlive/texmf-dist/tex/latex/microtype/mt-msb.cfg
File: mt-msb.cfg 2005/06/01 v1.0 microtype config. file: AMS symbols (b) (RS)
) [1



{/var/lib/texmf/fonts/map/pdftex/updmap/pdftex.map}{/usr/share/texlive/texmf-dist/fonts/enc/dvips/libertinus-type1/lbts_sfissr.enc}{/usr/share/texlive/texmf-dist/fonts/enc/dvips/sourcesanspro/a_emkxm5.enc} <./images/unict_logo.jpg>] (./frontmatter/prefazione.tex [2{/usr/share/texlive/texmf-dist/fonts/enc/dvips/libertinus-type1/lbts_75t36g.enc}

]
LaTeX Font Info:    Font shape `T1/LibertinusSerif-TLF/m/n' will be
(Font)              scaled to size 24.88pt on input line 1.
LaTeX Font Info:    Font shape `T1/LibertinusSerif-TLF/b/n' will be
(Font)              scaled to size 24.88pt on input line 1.
LaTeX Font Info:    Font shape `T1/LibertinusSerif-TLF/m/it' will be
(Font)              scaled to size 10.95pt on input line 6.
LaTeX Font Info:    Trying to load font information for TS1+LibertinusSerif-TLF on input line 10.
 (/usr/share/texlive/texmf-dist/tex/latex/libertinus-type1/TS1LibertinusSerif-TLF.fd
File: TS1LibertinusSerif-TLF.fd 2022/11/07 (autoinst) Font definitions for TS1/LibertinusSerif-TLF.
)
LaTeX Font Info:    Font shape `TS1/LibertinusSerif-TLF/m/n' will be
(Font)              scaled to size 10.95pt on input line 10.
Package microtype Info: Loading generic protrusion settings for font family
(microtype)             `LibertinusSerif-TLF' (encoding: TS1).
(microtype)             For optimal results, create family-specific settings.
(microtype)             See the microtype manual for details.
LaTeX Font Info:    Font shape `T1/LibertinusSerif-TLF/b/n' will be
(Font)              scaled to size 10.95pt on input line 10.
LaTeX Font Info:    Trying to load font information for T1+fvm on input line 19.
 (/usr/share/texlive/texmf-dist/tex/latex/bera/t1fvm.fd
File: t1fvm.fd 2004/09/07 scalable font definitions for T1/fvm.
)
LaTeX Font Info:    Font shape `T1/fvm/m/n' will be
(Font)              scaled to size 9.85492pt on input line 19.
Package microtype Info: Loading generic protrusion settings for font family
(microtype)             `fvm' (encoding: T1).
(microtype)             For optimal results, create family-specific settings.
(microtype)             See the microtype manual for details.
LaTeX Font Info:    Font shape `T1/LibertinusSerif-TLF/m/n' will be
(Font)              scaled to size 8.0pt on input line 23.
) (./frontmatter/license.tex [3{/usr/share/texlive/texmf-dist/fonts/enc/dvips/libertinus-type1/lbts_nufysp.enc}{/usr/share/texlive/texmf-dist/fonts/enc/dvips/libertinus-type1/lbts_rlktsf.enc}{/usr/share/texlive/texmf-dist/fonts/enc/dvips/base/8r.enc}] [4

]
LaTeX Font Info:    Font shape `T1/LibertinusSerif-TLF/m/n' will be
(Font)              scaled to size 10.0pt on input line 27.
LaTeX Font Info:    Font shape `T1/LibertinusSerif-TLF/b/n' will be
(Font)              scaled to size 14.4pt on input line 31.
 [5]) [6] (out/DataMining.toc [7

] [8] [9] [10] [11])
\tf@toc=\write6
\openout6 = `DataMining.toc'.

 [12] (./chapters/introduzione.tex
Capitolo 1.
LaTeX Font Info:    Font shape `T1/LibertinusSerif-TLF/m/n' will be
(Font)              scaled to size 20.74pt on input line 1.
LaTeX Font Info:    Font shape `T1/LibertinusSerif-TLF/b/n' will be
(Font)              scaled to size 20.74pt on input line 1.
[1



]
LaTeX Font Info:    Font shape `T1/LibertinusSerif-TLF/m/n' will be
(Font)              scaled to size 12.0pt on input line 36.
LaTeX Font Info:    Font shape `T1/LibertinusSerif-TLF/b/n' will be
(Font)              scaled to size 12.0pt on input line 36.
 [2]
LaTeX Font Info:    Font shape `T1/LibertinusSerif-TLF/m/n' will be
(Font)              scaled to size 6.0pt on input line 66.
 [3]) (./chapters/preprocessing.tex [4]
Capitolo 2.
[5

] [6]
LaTeX Font Info:    Font shape `T1/LibertinusSerif-TLF/m/n' will be
(Font)              scaled to size 9.0pt on input line 59.
 [7] [8] [9] [10] [11]
<images/SVD.png, id=1278, 1373.13pt x 750.805pt>
File: images/SVD.png Graphic file (type png)
<use images/SVD.png>
Package pdftex.def Info: images/SVD.png  used on input line 196.
(pdftex.def)             Requested size: 426.79135pt x 233.35432pt.
 [12 <./images/SVD.png>]) (./chapters/insiemi_frequenti.tex [13] [14

]
Capitolo 3.

Underfull \vbox (badness 1642) has occurred while \output is active []

 [15]
<images/insiemi_frequenti_massimale.png, id=1303, 830.10126pt x 559.08875pt>
File: images/insiemi_frequenti_massimale.png Graphic file (type png)
<use images/insiemi_frequenti_massimale.png>
Package pdftex.def Info: images/insiemi_frequenti_massimale.png  used on input line 61.
(pdftex.def)             Requested size: 341.43437pt x 229.96153pt.
 [16]
Underfull \vbox (badness 2418) has occurred while \output is active []

 [17 <./images/insiemi_frequenti_massimale.png>]
Overfull \hbox (3.07655pt too wide) in paragraph at lines 108--115
 [] 
 []

[18]
<images/fp-growth-complete.png, id=1334, 975.645pt x 539.01375pt>
File: images/fp-growth-complete.png Graphic file (type png)
<use images/fp-growth-complete.png>
Package pdftex.def Info: images/fp-growth-complete.png  used on input line 180.
(pdftex.def)             Requested size: 392.64725pt x 216.92584pt.
 [19]
<images/fp-growth-links.png, id=1345, 877.2775pt x 566.115pt>
File: images/fp-growth-links.png Graphic file (type png)
<use images/fp-growth-links.png>
Package pdftex.def Info: images/fp-growth-links.png  used on input line 200.
(pdftex.def)             Requested size: 384.1096pt x 247.87338pt.
 [20 <./images/fp-growth-complete.png>]) (./chapters/clustering.tex [21 <./images/fp-growth-links.png>] [22

]
Capitolo 4.

Underfull \vbox (badness 2050) has occurred while \output is active []

 [23] [24] [25] [26]
<images/cluster_distances.png, id=1395, 560.0925pt x 877.2775pt>
File: images/cluster_distances.png Graphic file (type png)
<use images/cluster_distances.png>
Package pdftex.def Info: images/cluster_distances.png  used on input line 126.
(pdftex.def)             Requested size: 115.23547pt x 180.48558pt.
<images/dendograms.png, id=1396, 1394.20876pt x 650.43pt>
File: images/dendograms.png Graphic file (type png)
<use images/dendograms.png>
Package pdftex.def Info: images/dendograms.png  used on input line 137.
(pdftex.def)             Requested size: 320.0935pt x 149.32777pt.
 [27 <./images/cluster_distances.png>]
Underfull \vbox (badness 4084) has occurred while \output is active []

 [28 <./images/dendograms.png>] [29]
<images/elbow-k.png, id=1425, 1298.8525pt x 731.73375pt>
File: images/elbow-k.png Graphic file (type png)
<use images/elbow-k.png>
Package pdftex.def Info: images/elbow-k.png  used on input line 208.
(pdftex.def)             Requested size: 341.43437pt x 192.34537pt.
 [30 <./images/elbow-k.png>] [31] [32]
<images/dbscan_directly_reachable.png, id=1455, 2509.375pt x 2509.375pt>
File: images/dbscan_directly_reachable.png Graphic file (type png)
<use images/dbscan_directly_reachable.png>
Package pdftex.def Info: images/dbscan_directly_reachable.png  used on input line 289.
(pdftex.def)             Requested size: 136.57635pt x 136.54189pt.
<images/dbscan_reachable.png, id=1456, 803.0pt x 807.015pt>
File: images/dbscan_reachable.png Graphic file (type png)
<use images/dbscan_reachable.png>
Package pdftex.def Info: images/dbscan_reachable.png  used on input line 294.
(pdftex.def)             Requested size: 136.57635pt x 137.2523pt.
<images/dbscan_connected.png, id=1457, 885.3075pt x 883.3pt>
File: images/dbscan_connected.png Graphic file (type png)
<use images/dbscan_connected.png>
Package pdftex.def Info: images/dbscan_connected.png  used on input line 299.
(pdftex.def)             Requested size: 136.57635pt x 136.26314pt.
 [33 <./images/dbscan_directly_reachable.png> <./images/dbscan_reachable.png> <./images/dbscan_connected.png>]
<images/kdistance_plot.png, id=1475, 1422.31375pt x 779.91376pt>
File: images/kdistance_plot.png Graphic file (type png)
<use images/kdistance_plot.png>
Package pdftex.def Info: images/kdistance_plot.png  used on input line 330.
(pdftex.def)             Requested size: 290.21498pt x 159.13362pt.
 [34 <./images/kdistance_plot.png>]
LaTeX Font Info:    Font shape `T1/LibertinusSerif-TLF/b/it' will be
(Font)              scaled to size 10.95pt on input line 354.
<images/optics_reachability.png, id=1485, 1441.385pt x 865.2325pt>
File: images/optics_reachability.png Graphic file (type png)
<use images/optics_reachability.png>
Package pdftex.def Info: images/optics_reachability.png  used on input line 394.
(pdftex.def)             Requested size: 341.43437pt x 204.95355pt.
<images/cluster_extraction_optics.png, id=1486, 1587.9325pt x 653.44125pt>
File: images/cluster_extraction_optics.png Graphic file (type png)
<use images/cluster_extraction_optics.png>
Package pdftex.def Info: images/cluster_extraction_optics.png  used on input line 404.
(pdftex.def)             Requested size: 341.43437pt x 140.4971pt.
 [35{/usr/share/texlive/texmf-dist/fonts/enc/dvips/libertinus-type1/lbts_opzo24.enc}] [36 <./images/optics_reachability.png> <./images/cluster_extraction_optics.png>]
<images/HDBSCAN_example.png, id=1503, 1499.6025pt x 512.91624pt>
File: images/HDBSCAN_example.png Graphic file (type png)
<use images/HDBSCAN_example.png>
Package pdftex.def Info: images/HDBSCAN_example.png  used on input line 430.
(pdftex.def)             Requested size: 426.79135pt x 145.97133pt.
 [37 <./images/HDBSCAN_example.png>] [38]
<images/hdbscan_mst.png, id=1517, 1143.27126pt x 762.85pt>
File: images/hdbscan_mst.png Graphic file (type png)
<use images/hdbscan_mst.png>
Package pdftex.def Info: images/hdbscan_mst.png  used on input line 497.
(pdftex.def)             Requested size: 196.32687pt x 130.99812pt.
<images/hdbscan_condensed_tree.png, id=1518, 920.43875pt x 567.11874pt>
File: images/hdbscan_condensed_tree.png Graphic file (type png)
<use images/hdbscan_condensed_tree.png>
Package pdftex.def Info: images/hdbscan_condensed_tree.png  used on input line 498.
(pdftex.def)             Requested size: 196.32687pt x 120.95895pt.
) (./chapters/classificazione.tex [39 <./images/hdbscan_mst.png> <./images/hdbscan_condensed_tree.png>] [40

]
Capitolo 5.
<images/schema_classificatore.png, id=1534, 1852.9225pt x 744.7825pt>
File: images/schema_classificatore.png Graphic file (type png)
<use images/schema_classificatore.png>
Package pdftex.def Info: images/schema_classificatore.png  used on input line 26.
(pdftex.def)             Requested size: 307.29028pt x 123.50885pt.
[41 <./images/schema_classificatore.png>]
<images/weather_table.png, id=1546, 799.98875pt x 682.55pt>
File: images/weather_table.png Graphic file (type png)
<use images/weather_table.png>
Package pdftex.def Info: images/weather_table.png  used on input line 52.
(pdftex.def)             Requested size: 213.39568pt x 182.06218pt.
<images/decision_tree_weather.png, id=1547, 1003.75pt x 712.6625pt>
File: images/decision_tree_weather.png Graphic file (type png)
<use images/decision_tree_weather.png>
Package pdftex.def Info: images/decision_tree_weather.png  used on input line 56.
(pdftex.def)             Requested size: 204.85802pt x 145.44429pt.
 [42 <./images/weather_table.png> <./images/decision_tree_weather.png>]
Overfull \hbox (60.74489pt too wide) detected at line 128
[]\OT1/cmr/m/n/10.95 ([]) = 0\OML/cmm/m/it/10.95 :\OT1/cmr/m/n/10.95 246\OML/cmm/m/it/10.95 ;  []\OT1/cmr/m/n/10.95 ([]) = 0\OML/cmm/m/it/10.95 :\OT1/cmr/m/n/10.95 029\OML/cmm/m/it/10.95 ;  []\OT1/cmr/m/n/10.95 ([]) = 0\OML/cmm/m/it/10.95 :\OT1/cmr/m/n/10.95 151\OML/cmm/m/it/10.95 ;  []\OT1/cmr/m/n/10.95 ([]) = 0\OML/cmm/m/it/10.95 :\OT1/cmr/m/n/10.95 048\OML/cmm/m/it/10.95 :
 []

[43]
<images/ig_outlook_example.png, id=1567, 1613.02625pt x 540.0175pt>
File: images/ig_outlook_example.png Graphic file (type png)
<use images/ig_outlook_example.png>
Package pdftex.def Info: images/ig_outlook_example.png  used on input line 137.
(pdftex.def)             Requested size: 384.1096pt x 128.59332pt.
 [44 <./images/ig_outlook_example.png>]
Underfull \vbox (badness 10000) has occurred while \output is active []

 [45] [46]
<images/tree_pruning_example.png, id=1593, 1595.9625pt x 816.04875pt>
File: images/tree_pruning_example.png Graphic file (type png)
<use images/tree_pruning_example.png>
Package pdftex.def Info: images/tree_pruning_example.png  used on input line 248.
(pdftex.def)             Requested size: 320.0935pt x 163.66757pt.
 [47 <./images/tree_pruning_example.png>]
<images/bayes_network_example.png, id=1602, 1531.7225pt x 861.2175pt>
File: images/bayes_network_example.png Graphic file (type png)
<use images/bayes_network_example.png>
Package pdftex.def Info: images/bayes_network_example.png  used on input line 313.
(pdftex.def)             Requested size: 384.1096pt x 215.96089pt.
 [48]
Underfull \vbox (badness 2326) has occurred while \output is active []

 [49 <./images/bayes_network_example.png>] [50]
<images/svm_margin.png, id=1635, 1146.2825pt x 668.4975pt>
File: images/svm_margin.png Graphic file (type png)
<use images/svm_margin.png>
Package pdftex.def Info: images/svm_margin.png  used on input line 410.
(pdftex.def)             Requested size: 384.1096pt x 224.0118pt.
 [51]
<images/normalized_hyperplane_svm.png, id=1648, 1298.8525pt x 863.225pt>
File: images/normalized_hyperplane_svm.png Graphic file (type png)
<use images/normalized_hyperplane_svm.png>
Package pdftex.def Info: images/normalized_hyperplane_svm.png  used on input line 447.
(pdftex.def)             Requested size: 341.43437pt x 226.90948pt.

Underfull \vbox (badness 10000) has occurred while \output is active []

 [52 <./images/svm_margin.png>]
Underfull \vbox (badness 3417) has occurred while \output is active []

 [53 <./images/normalized_hyperplane_svm.png>] [54]
<images/knn_example.png, id=1669, 1038.88126pt x 746.79pt>
File: images/knn_example.png Graphic file (type png)
<use images/knn_example.png>
Package pdftex.def Info: images/knn_example.png  used on input line 557.
(pdftex.def)             Requested size: 341.43437pt x 245.42729pt.
 [55] [56 <./images/knn_example.png>]
<images/random_forest.png, id=1694, 2633.84pt x 2087.8pt>
File: images/random_forest.png Graphic file (type png)
<use images/random_forest.png>
Package pdftex.def Info: images/random_forest.png  used on input line 601.
(pdftex.def)             Requested size: 320.0935pt x 253.7109pt.
 [57 <./images/random_forest.png>]
<images/boosting_example.png, id=1706, 1331.97626pt x 764.8575pt>
File: images/boosting_example.png Graphic file (type png)
<use images/boosting_example.png>
Package pdftex.def Info: images/boosting_example.png  used on input line 625.
(pdftex.def)             Requested size: 384.1096pt x 220.56589pt.
 [58 <./images/boosting_example.png>]
<images/aumento_pesi_tuple.png, id=1723, 1376.14125pt x 861.2175pt>
File: images/aumento_pesi_tuple.png Graphic file (type png)
<use images/aumento_pesi_tuple.png>
Package pdftex.def Info: images/aumento_pesi_tuple.png  used on input line 685.
(pdftex.def)             Requested size: 204.85802pt x 128.2046pt.
<images/diminuzione_pesI_tuple.png, id=1724, 1421.31pt x 866.23625pt>
File: images/diminuzione_pesI_tuple.png Graphic file (type png)
<use images/diminuzione_pesI_tuple.png>
Package pdftex.def Info: images/diminuzione_pesI_tuple.png  used on input line 691.
(pdftex.def)             Requested size: 204.85802pt x 124.85423pt.
 [59 <./images/aumento_pesi_tuple.png> <./images/diminuzione_pesI_tuple.png>]
<images/confusion_matrix.png, id=1740, 801.99625pt x 464.73625pt>
File: images/confusion_matrix.png Graphic file (type png)
<use images/confusion_matrix.png>
Package pdftex.def Info: images/confusion_matrix.png  used on input line 709.
(pdftex.def)             Requested size: 298.75264pt x 173.11978pt.

Underfull \vbox (badness 5288) has occurred while \output is active []

 [60 <./images/confusion_matrix.png>]
<images/curve-roc-example.png, id=1749, 899.36pt x 915.42pt>
File: images/curve-roc-example.png Graphic file (type png)
<use images/curve-roc-example.png>
Package pdftex.def Info: images/curve-roc-example.png  used on input line 755.
(pdftex.def)             Requested size: 256.07741pt x 260.64598pt.
 [61]) (./chapters/regressione.tex [62 <./images/curve-roc-example.png>]
Capitolo 6.
[63

] [64] [65]) (./chapters/grafi.tex [66]
Capitolo 7.
<images/grafo_esemipo.png, id=1786, 456.5055pt x 282.45525pt>
File: images/grafo_esemipo.png Graphic file (type png)
<use images/grafo_esemipo.png>
Package pdftex.def Info: images/grafo_esemipo.png  used on input line 14.
(pdftex.def)             Requested size: 256.07741pt x 158.44106pt.

Underfull \hbox (badness 1028) in paragraph at lines 15--15
[]\T1/LibertinusSerif-TLF/m/n/10.95 (+20) Figura 7.1: |Gra-fo non orien-ta-to con quat-tro ver-ti-ci $\OML/cmm/m/it/10.95 V \OT1/cmr/m/n/10.95 = \OMS/cmsy/m/n/10.95 f\OML/cmm/m/it/10.95 A; B; C; D\OMS/cmsy/m/n/10.95 g$ \T1/LibertinusSerif-TLF/m/n/10.95 (+20) e ar-chi $\OML/cmm/m/it/10.95 E \OT1/cmr/m/n/10.95 =
 []


Underfull \vbox (badness 1983) has occurred while \output is active []

 [67

 <./images/grafo_esemipo.png>]
<images/grafo_diretto_indiretto.png, id=1794, 1561.835pt x 561.09625pt>
File: images/grafo_diretto_indiretto.png Graphic file (type png)
<use images/grafo_diretto_indiretto.png>
Package pdftex.def Info: images/grafo_diretto_indiretto.png  used on input line 33.
(pdftex.def)             Requested size: 341.43437pt x 122.66245pt.
 [68 <./images/grafo_diretto_indiretto.png>]
<images/grafo_pesato_etichettato.png, id=1802, 1541.76pt x 1027.84pt>
File: images/grafo_pesato_etichettato.png Graphic file (type png)
<use images/grafo_pesato_etichettato.png>
Package pdftex.def Info: images/grafo_pesato_etichettato.png  used on input line 49.
(pdftex.def)             Requested size: 341.43437pt x 227.61543pt.
 [69 <./images/grafo_pesato_etichettato.png (PNG copy)>]
<images/grafo_bipartito_esempio.png, id=1808, 1541.76pt x 1027.84pt>
File: images/grafo_bipartito_esempio.png Graphic file (type png)
<use images/grafo_bipartito_esempio.png>
Package pdftex.def Info: images/grafo_bipartito_esempio.png  used on input line 88.
(pdftex.def)             Requested size: 341.43437pt x 227.61543pt.

Underfull \vbox (badness 1735) has occurred while \output is active []

 [70 <./images/grafo_bipartito_esempio.png (PNG copy)>]
<images/grafo_regolare_completo.png, id=1815, 1476.51625pt x 475.7775pt>
File: images/grafo_regolare_completo.png Graphic file (type png)
<use images/grafo_regolare_completo.png>
Package pdftex.def Info: images/grafo_regolare_completo.png  used on input line 105.
(pdftex.def)             Requested size: 426.79135pt x 137.52182pt.
<images/cammino.png, id=1816, 479.7925pt x 333.245pt>
File: images/cammino.png Graphic file (type png)
<use images/cammino.png>
Package pdftex.def Info: images/cammino.png  used on input line 115.
(pdftex.def)             Requested size: 256.07741pt x 177.86479pt.
 [71 <./images/grafo_regolare_completo.png> <./images/cammino.png>] [72]
<images/clustering_coeff.png, id=1834, 857.2025pt x 352.31625pt>
File: images/clustering_coeff.png Graphic file (type png)
<use images/clustering_coeff.png>
Package pdftex.def Info: images/clustering_coeff.png  used on input line 154.
(pdftex.def)             Requested size: 426.79135pt x 175.4158pt.
 [73 <./images/clustering_coeff.png>]
<images/betweenness_centrality.png, id=1844, 595.22375pt x 620.3175pt>
File: images/betweenness_centrality.png Graphic file (type png)
<use images/betweenness_centrality.png>
Package pdftex.def Info: images/betweenness_centrality.png  used on input line 187.
(pdftex.def)             Requested size: 170.71393pt x 177.90923pt.

Underfull \vbox (badness 10000) has occurred while \output is active []

 [74]
Underfull \vbox (badness 1142) has occurred while \output is active []

 [75 <./images/betweenness_centrality.png>]
<images/centralita_prossimita.png, id=1858, 661.47125pt x 607.26875pt>
File: images/centralita_prossimita.png Graphic file (type png)
<use images/centralita_prossimita.png>
Package pdftex.def Info: images/centralita_prossimita.png  used on input line 233.
(pdftex.def)             Requested size: 170.71393pt x 156.71861pt.
<images/pagerank_initial.png, id=1860, 831.105pt x 525.965pt>
File: images/pagerank_initial.png Graphic file (type png)
<use images/pagerank_initial.png>
Package pdftex.def Info: images/pagerank_initial.png  used on input line 258.
(pdftex.def)             Requested size: 192.0548pt x 121.53922pt.
 [76 <./images/centralita_prossimita.png>]
Overfull \hbox (5.41083pt too wide) in paragraph at lines 272--273
[]\T1/LibertinusSerif-TLF/m/n/10.95 (-20) Dopo il pri-mo round si ot-ten-go-no i se-guen-ti va-lo-ri di Pa-ge-Rank: $\OML/cmm/m/it/10.95 A \OT1/cmr/m/n/10.95 = 0\OML/cmm/m/it/10.95 :\OT1/cmr/m/n/10.95 125\OML/cmm/m/it/10.95 ;  B \OT1/cmr/m/n/10.95 = 0\OML/cmm/m/it/10.95 :\OT1/cmr/m/n/10.95 25\OML/cmm/m/it/10.95 ;  C \OT1/cmr/m/n/10.95 =
 []

<images/pagerank_rounds.png, id=1869, 1284.8pt x 487.8225pt>
File: images/pagerank_rounds.png Graphic file (type png)
<use images/pagerank_rounds.png>
Package pdftex.def Info: images/pagerank_rounds.png  used on input line 278.
(pdftex.def)             Requested size: 298.75264pt x 113.43243pt.
) (./chapters/subgraphmatching.tex [77 <./images/pagerank_initial.png> <./images/pagerank_rounds.png>] [78

]
Capitolo 8.
<images/subgraph_mapping_example.png, id=1884, 1245.65375pt x 366.36874pt>
File: images/subgraph_mapping_example.png Graphic file (type png)
<use images/subgraph_mapping_example.png>
Package pdftex.def Info: images/subgraph_mapping_example.png  used on input line 9.
(pdftex.def)             Requested size: 341.43437pt x 100.41908pt.
<images/automorphism_example.png, id=1885, 1451.4225pt x 409.53pt>
File: images/automorphism_example.png Graphic file (type png)
<use images/automorphism_example.png>
Package pdftex.def Info: images/automorphism_example.png  used on input line 19.
(pdftex.def)             Requested size: 341.43437pt x 96.33328pt.

Underfull \vbox (badness 10000) has occurred while \output is active []

 [79 <./images/subgraph_mapping_example.png>]
<images/subgraph_matching_example.png, id=1893, 820.06375pt x 509.905pt>
File: images/subgraph_matching_example.png Graphic file (type png)
<use images/subgraph_matching_example.png>
Package pdftex.def Info: images/subgraph_matching_example.png  used on input line 33.
(pdftex.def)             Requested size: 341.43437pt x 212.30687pt.
 [80 <./images/automorphism_example.png> <./images/subgraph_matching_example.png>]
<images/bruteforce_subgraph_matching.png, id=1903, 1541.76pt x 1027.84pt>
File: images/bruteforce_subgraph_matching.png Graphic file (type png)
<use images/bruteforce_subgraph_matching.png>
Package pdftex.def Info: images/bruteforce_subgraph_matching.png  used on input line 51.
(pdftex.def)             Requested size: 332.89673pt x 221.9223pt.
 [81 <./images/bruteforce_subgraph_matching.png (PNG copy)>]
<images/backtracking_subgraph_matching.png, id=1910, 1359.0775pt x 533.995pt>
File: images/backtracking_subgraph_matching.png Graphic file (type png)
<use images/backtracking_subgraph_matching.png>
Package pdftex.def Info: images/backtracking_subgraph_matching.png  used on input line 67.
(pdftex.def)             Requested size: 341.43437pt x 134.15027pt.
<images/ullmann_algorithm_example.png, id=1911, 1541.76pt x 1027.84pt>
File: images/ullmann_algorithm_example.png Graphic file (type png)
<use images/ullmann_algorithm_example.png>
Package pdftex.def Info: images/ullmann_algorithm_example.png  used on input line 79.
(pdftex.def)             Requested size: 384.1096pt x 256.0654pt.
 [82 <./images/backtracking_subgraph_matching.png>] [83 <./images/ullmann_algorithm_example.png (PNG copy)>]
<images/vf_algorithm_example.png, id=1931, 1541.76pt x 1027.84pt>
File: images/vf_algorithm_example.png Graphic file (type png)
<use images/vf_algorithm_example.png>
Package pdftex.def Info: images/vf_algorithm_example.png  used on input line 124.
(pdftex.def)             Requested size: 426.79135pt x 284.51537pt.
 [84] [85 <./images/vf_algorithm_example.png (PNG copy)>] [86]
<images/ri_algorithm_example.png, id=1957, 793.96625pt x 935.495pt>
File: images/ri_algorithm_example.png Graphic file (type png)
<use images/ri_algorithm_example.png>
Package pdftex.def Info: images/ri_algorithm_example.png  used on input line 213.
(pdftex.def)             Requested size: 170.71393pt x 201.14177pt.
LaTeX Font Info:    Font shape `T1/LibertinusSerif-TLF/b/n' will be
(Font)              scaled to size 9.0pt on input line 232.
LaTeX Font Info:    Font shape `T1/LibertinusSerif-TLF/m/n' will be
(Font)              scaled to size 5.0pt on input line 232.
 [87] [88 <./images/ri_algorithm_example.png>] [89]
<images/feature_indexing_example.png, id=1995, 1297.84875pt x 612.2875pt>
File: images/feature_indexing_example.png Graphic file (type png)
<use images/feature_indexing_example.png>
Package pdftex.def Info: images/feature_indexing_example.png  used on input line 303.
(pdftex.def)             Requested size: 426.79135pt x 201.34544pt.
 [90]
<images/sing_algorithm_example.png, id=2002, 1682.285pt x 527.9725pt>
File: images/sing_algorithm_example.png Graphic file (type png)
<use images/sing_algorithm_example.png>
Package pdftex.def Info: images/sing_algorithm_example.png  used on input line 336.
(pdftex.def)             Requested size: 384.1096pt x 120.54494pt.

Underfull \vbox (badness 10000) has occurred while \output is active []

 [91 <./images/feature_indexing_example.png>]
<images/sing_indexing_example.png, id=2015, 1856.9375pt x 776.9025pt>
File: images/sing_indexing_example.png Graphic file (type png)
<use images/sing_indexing_example.png>
Package pdftex.def Info: images/sing_indexing_example.png  used on input line 354.
(pdftex.def)             Requested size: 426.79135pt x 178.5534pt.
 [92 <./images/sing_algorithm_example.png>]) (./chapters/frequent_subgraph_matching.tex [93 <./images/sing_indexing_example.png>] [94

]
Capitolo 9.
<images/frequent-subgraph-matching.png, id=2044, 879.285pt x 162.6075pt>
File: images/frequent-subgraph-matching.png Graphic file (type png)
<use images/frequent-subgraph-matching.png>
Package pdftex.def Info: images/frequent-subgraph-matching.png  used on input line 14.
(pdftex.def)             Requested size: 426.79135pt x 78.92656pt.
<images/frequent-subgraph-frequency.png, id=2045, 799.98875pt x 330.23375pt>
File: images/frequent-subgraph-frequency.png Graphic file (type png)
<use images/frequent-subgraph-frequency.png>
Package pdftex.def Info: images/frequent-subgraph-frequency.png  used on input line 23.
(pdftex.def)             Requested size: 426.79135pt x 176.182pt.
[95 <./images/frequent-subgraph-matching.png>] [96 <./images/frequent-subgraph-frequency.png>]
<images/fsg-join-1.png, id=2061, 869.2475pt x 321.2pt>
File: images/fsg-join-1.png Graphic file (type png)
<use images/fsg-join-1.png>
Package pdftex.def Info: images/fsg-join-1.png  used on input line 59.
(pdftex.def)             Requested size: 426.79135pt x 157.70795pt.
<images/fsg-join-2.png, id=2063, 807.015pt x 274.02374pt>
File: images/fsg-join-2.png Graphic file (type png)
<use images/fsg-join-2.png>
Package pdftex.def Info: images/fsg-join-2.png  used on input line 80.
(pdftex.def)             Requested size: 426.79135pt x 144.91829pt.
 [97 <./images/fsg-join-1.png> <./images/fsg-join-2.png>]
<images/fsg-join-3.png, id=2078, 856.19875pt x 417.56pt>
File: images/fsg-join-3.png Graphic file (type png)
<use images/fsg-join-3.png>
Package pdftex.def Info: images/fsg-join-3.png  used on input line 111.
(pdftex.def)             Requested size: 426.79135pt x 208.14233pt.
 [98] [99 <./images/fsg-join-3.png>]
<images/adjacency_string_example.png, id=2108, 810.02625pt x 314.17375pt>
File: images/adjacency_string_example.png Graphic file (type png)
<use images/adjacency_string_example.png>
Package pdftex.def Info: images/adjacency_string_example.png  used on input line 177.
(pdftex.def)             Requested size: 341.43437pt x 132.42667pt.
 [100 <./images/adjacency_string_example.png>]
<images/canonical-form-example.png, id=2122, 896.34875pt x 412.54124pt>
File: images/canonical-form-example.png Graphic file (type png)
<use images/canonical-form-example.png>
Package pdftex.def Info: images/canonical-form-example.png  used on input line 200.
(pdftex.def)             Requested size: 384.1096pt x 176.78497pt.
 [101 <./images/canonical-form-example.png>]
<images/dfs_visit_example.png, id=2138, 1262.7175pt x 867.24pt>
File: images/dfs_visit_example.png Graphic file (type png)
<use images/dfs_visit_example.png>
Package pdftex.def Info: images/dfs_visit_example.png  used on input line 247.
(pdftex.def)             Requested size: 341.43437pt x 234.50198pt.
 [102]
<images/dfs_tree_example.png, id=2145, 1586.92876pt x 659.46375pt>
File: images/dfs_tree_example.png Graphic file (type png)
<use images/dfs_tree_example.png>
Package pdftex.def Info: images/dfs_tree_example.png  used on input line 267.
(pdftex.def)             Requested size: 426.79135pt x 177.35321pt.
 [103 <./images/dfs_visit_example.png>] [104 <./images/dfs_tree_example.png>]
<images/gspan_candidate_generation.png, id=2172, 1318.9275pt x 944.52875pt>
File: images/gspan_candidate_generation.png Graphic file (type png)
<use images/gspan_candidate_generation.png>
Package pdftex.def Info: images/gspan_candidate_generation.png  used on input line 328.
(pdftex.def)             Requested size: 426.79135pt x 305.64227pt.
LaTeX Font Info:    Font shape `T1/LibertinusSerif-TLF/m/sc' will be
(Font)              scaled to size 10.95pt on input line 335.
) (./chapters/reti_neurali.tex [105] [106{/usr/share/texlive/texmf-dist/fonts/enc/dvips/libertinus-type1/lbts_cb34qf.enc} <./images/gspan_candidate_generation.png>]
Capitolo 10.
<images/nn_neuron_comparison.png, id=2189, 1541.76pt x 1027.84pt>
File: images/nn_neuron_comparison.png Graphic file (type png)
<use images/nn_neuron_comparison.png>
Package pdftex.def Info: images/nn_neuron_comparison.png  used on input line 6.
(pdftex.def)             Requested size: 426.79135pt x 284.51537pt.
[107

 <./images/nn_neuron_comparison.png (PNG copy)>]
<images/neural_network_example.png, id=2197, 567.11874pt x 391.96437pt>
File: images/neural_network_example.png Graphic file (type png)
<use images/neural_network_example.png>
Package pdftex.def Info: images/neural_network_example.png  used on input line 27.
(pdftex.def)             Requested size: 298.75264pt x 206.49011pt.
 [108 <./images/neural_network_example.png>] [109]
<images/step_function.png, id=2215, 937.5025pt x 812.03375pt>
File: images/step_function.png Graphic file (type png)
<use images/step_function.png>
Package pdftex.def Info: images/step_function.png  used on input line 87.
(pdftex.def)             Requested size: 256.07741pt x 221.8045pt.
<images/perceptron.png, id=2216, 1167.36125pt x 611.28375pt>
File: images/perceptron.png Graphic file (type png)
<use images/perceptron.png>
Package pdftex.def Info: images/perceptron.png  used on input line 96.
(pdftex.def)             Requested size: 341.43437pt x 178.78812pt.
 [110 <./images/step_function.png>]
<images/sigmoid_function.png, id=2223, 1276.77pt x 545.03625pt>
File: images/sigmoid_function.png Graphic file (type png)
<use images/sigmoid_function.png>
Package pdftex.def Info: images/sigmoid_function.png  used on input line 115.
(pdftex.def)             Requested size: 341.43437pt x 145.74794pt.
 [111 <./images/perceptron.png> <./images/sigmoid_function.png (PNG copy)>]
<images/tanh_function.png, id=2231, 960.58875pt x 578.16pt>
File: images/tanh_function.png Graphic file (type png)
<use images/tanh_function.png>
Package pdftex.def Info: images/tanh_function.png  used on input line 138.
(pdftex.def)             Requested size: 341.43437pt x 205.49966pt.
 [112 <./images/tanh_function.png>]
<images/relu_function.png, id=2238, 284.39583pt x 125.46875pt>
File: images/relu_function.png Graphic file (type png)
<use images/relu_function.png>
Package pdftex.def Info: images/relu_function.png  used on input line 189.
(pdftex.def)             Requested size: 384.1096pt x 169.4712pt.
 [113]
<images/regression_loss.png, id=2244, 1212.53pt x 808.01875pt>
File: images/regression_loss.png Graphic file (type png)
<use images/regression_loss.png>
Package pdftex.def Info: images/regression_loss.png  used on input line 216.
(pdftex.def)             Requested size: 298.75264pt x 199.08214pt.
 [114 <./images/relu_function.png>]
Underfull \vbox (badness 10000) has occurred while \output is active []

 [115 <./images/regression_loss.png>] [116]
<images/eta_examples.jpg, id=2267, 1204.5pt x 724.7075pt>
File: images/eta_examples.jpg Graphic file (type jpg)
<use images/eta_examples.jpg>
Package pdftex.def Info: images/eta_examples.jpg  used on input line 292.
(pdftex.def)             Requested size: 384.1096pt x 231.1039pt.
 [117] [118 <./images/eta_examples.jpg>]
<images/computation_graph_nn.png, id=2282, 1635.10875pt x 752.8125pt>
File: images/computation_graph_nn.png Graphic file (type png)
<use images/computation_graph_nn.png>
Package pdftex.def Info: images/computation_graph_nn.png  used on input line 347.
(pdftex.def)             Requested size: 341.43437pt x 157.1878pt.
 [119 <./images/computation_graph_nn.png>]
<images/computation_graph_nn_backpropagation.png, id=2293, 1584.92125pt x 898.35625pt>
File: images/computation_graph_nn_backpropagation.png Graphic file (type png)
<use images/computation_graph_nn_backpropagation.png>
Package pdftex.def Info: images/computation_graph_nn_backpropagation.png  used on input line 414.
(pdftex.def)             Requested size: 256.07741pt x 145.13812pt.
 [120]
Underfull \vbox (badness 10000) has occurred while \output is active []

 [121 <./images/computation_graph_nn_backpropagation.png>] [122]
<images/dropout.png, id=2321, 1881.0275pt x 697.60625pt>
File: images/dropout.png Graphic file (type png)
<use images/dropout.png>
Package pdftex.def Info: images/dropout.png  used on input line 502.
(pdftex.def)             Requested size: 341.43437pt x 126.61751pt.
 [123 <./images/dropout.png>]
<images/convolutional_nn_architecture.png, id=2328, 1688.3075pt x 595.22375pt>
File: images/convolutional_nn_architecture.png Graphic file (type png)
<use images/convolutional_nn_architecture.png>
Package pdftex.def Info: images/convolutional_nn_architecture.png  used on input line 530.
(pdftex.def)             Requested size: 426.79135pt x 150.46764pt.
 [124 <./images/convolutional_nn_architecture.png>] [125]
<images/graph_neural_network.png, id=2345, 1768.6075pt x 557.08125pt>
File: images/graph_neural_network.png Graphic file (type png)
<use images/graph_neural_network.png>
Package pdftex.def Info: images/graph_neural_network.png  used on input line 582.
(pdftex.def)             Requested size: 426.79135pt x 134.42476pt.
 [126 <./images/graph_neural_network.png>]
<images/rnn_example.png, id=2352, 1638.12pt x 569.12625pt>
File: images/rnn_example.png Graphic file (type png)
<use images/rnn_example.png>
Package pdftex.def Info: images/rnn_example.png  used on input line 597.
(pdftex.def)             Requested size: 426.79135pt x 148.27327pt.
 [127 <./images/rnn_example.png>] [128]
<images/lstm_example.png, id=2365, 1575.8875pt x 711.65875pt>
File: images/lstm_example.png Graphic file (type png)
<use images/lstm_example.png>
Package pdftex.def Info: images/lstm_example.png  used on input line 661.
(pdftex.def)             Requested size: 341.43437pt x 154.18727pt.
 [129 <./images/lstm_example.png>] [130]) (./chapters/transformer_llm.tex [131] [132

]
Capitolo 11.
<images/seq2seq.png, id=2404, 1097.09875pt x 595.22375pt>
File: images/seq2seq.png Graphic file (type png)
<use images/seq2seq.png>
Package pdftex.def Info: images/seq2seq.png  used on input line 9.
(pdftex.def)             Requested size: 341.43437pt x 185.23495pt.
[133 <./images/seq2seq.png>]
<images/transformer_architecture.png, id=2413, 1204.5pt x 1192.455pt>
File: images/transformer_architecture.png Graphic file (type png)
<use images/transformer_architecture.png>
Package pdftex.def Info: images/transformer_architecture.png  used on input line 49.
(pdftex.def)             Requested size: 230.46446pt x 228.1518pt.
 [134 <./images/transformer_architecture.png>] [135]
<images/transformer_self_attention.png, id=2426, 1266.98344pt x 626.34pt>
File: images/transformer_self_attention.png Graphic file (type png)
<use images/transformer_self_attention.png>
Package pdftex.def Info: images/transformer_self_attention.png  used on input line 90.
(pdftex.def)             Requested size: 426.79135pt x 210.984pt.
 [136 <./images/transformer_self_attention.png>] [137] [138]
<images/rag_llm.jpg, id=2452, 901.3675pt x 533.995pt>
File: images/rag_llm.jpg Graphic file (type jpg)
<use images/rag_llm.jpg>
Package pdftex.def Info: images/rag_llm.jpg  used on input line 171.
(pdftex.def)             Requested size: 426.79135pt x 252.8436pt.
 [139 <./images/rag_llm.jpg>]) [140] [141] [142

] [143

] (out/DataMining.aux)
Package rerunfilecheck Info: File `DataMining.out' has not changed.
(rerunfilecheck)             Checksum: 6A60F38EA36D6772903FA3411254E6CF;40182.
Package logreq Info: Writing requests to 'DataMining.run.xml'.
\openout1 = `DataMining.run.xml'.

 ) 
Here is how much of TeX's memory you used:
 40644 strings out of 476041
 785343 string characters out of 5793174
 1870388 words of memory out of 6000000
 58939 multiletter control sequences out of 15000+600000
 744564 words of font info for 490 fonts, out of 8000000 for 9000
 1137 hyphenation exceptions out of 8191
 84i,13n,131p,1936b,2168s stack positions out of 10000i,1000n,20000p,200000b,200000s
</usr/share/texlive/texmf-dist/fonts/type1/public/libertinus-type1/LibertinusSerif-Bold.pfb></usr/share/texlive/texmf-dist/fonts/type1/public/libertinus-type1/LibertinusSerif-BoldItalic.pfb></usr/share/texlive/texmf-dist/fonts/type1/public/libertinus-type1/LibertinusSerif-Italic.pfb></usr/share/texlive/texmf-dist/fonts/type1/public/libertinus-type1/LibertinusSerif-Regular.pfb></usr/share/texlive/texmf-dist/fonts/type1/adobe/sourcesanspro/SourceSansPro-Bold.pfb></usr/share/texlive/texmf-dist/fonts/type1/adobe/sourcesanspro/SourceSansPro-Regular.pfb></usr/share/texlive/texmf-dist/fonts/type1/public/amsfonts/cm/cmbx10.pfb></usr/share/texlive/texmf-dist/fonts/type1/public/amsfonts/cm/cmbx8.pfb></usr/share/texlive/texmf-dist/fonts/type1/public/amsfonts/cm/cmex10.pfb></usr/share/texlive/texmf-dist/fonts/type1/public/amsfonts/cm/cmmi10.pfb></usr/share/texlive/texmf-dist/fonts/type1/public/amsfonts/cm/cmmi5.pfb></usr/share/texlive/texmf-dist/fonts/type1/public/amsfonts/cm/cmmi6.pfb></usr/share/texlive/texmf-dist/fonts/type1/public/amsfonts/cm/cmmi7.pfb></usr/share/texlive/texmf-dist/fonts/type1/public/amsfonts/cm/cmmi8.pfb></usr/share/texlive/texmf-dist/fonts/type1/public/amsfonts/cm/cmmi9.pfb></usr/share/texlive/texmf-dist/fonts/type1/public/amsfonts/cm/cmmib10.pfb></usr/share/texlive/texmf-dist/fonts/type1/public/amsfonts/cm/cmr10.pfb></usr/share/texlive/texmf-dist/fonts/type1/public/amsfonts/cm/cmr6.pfb></usr/share/texlive/texmf-dist/fonts/type1/public/amsfonts/cm/cmr7.pfb></usr/share/texlive/texmf-dist/fonts/type1/public/amsfonts/cm/cmr8.pfb></usr/share/texlive/texmf-dist/fonts/type1/public/amsfonts/cm/cmr9.pfb></usr/share/texlive/texmf-dist/fonts/type1/public/amsfonts/cm/cmsy10.pfb></usr/share/texlive/texmf-dist/fonts/type1/public/amsfonts/cm/cmsy6.pfb></usr/share/texlive/texmf-dist/fonts/type1/public/amsfonts/cm/cmsy7.pfb></usr/share/texlive/texmf-dist/fonts/type1/public/amsfonts/cm/cmsy8.pfb></usr/share/texlive/texmf-dist/fonts/type1/public/bera/fvmr8a.pfb></usr/share/texlive/texmf-dist/fonts/type1/public/amsfonts/symbols/msam10.pfb></usr/share/texlive/texmf-dist/fonts/type1/public/amsfonts/symbols/msbm10.pfb>
Output written on out/DataMining.pdf (155 pages, 16088049 bytes).
PDF statistics:
 2790 PDF objects out of 2984 (max. 8388607)
 2393 compressed objects within 24 object streams
 794 named destinations out of 1000 (max. 500000)
 113337 words of extra memory for PDF output out of 128383 (max. 10000000)

